ERROR - 2023-07-18 01:08:58 --> Error connecting to the database: mysqli_sql_exception: No connection could be made because the target machine actively refused it in D:\sopi\xampp\htdocs\ci-newss2\system\Database\MySQLi\Connection.php:173
Stack trace:
#0 D:\sopi\xampp\htdocs\ci-newss2\system\Database\MySQLi\Connection.php(173): mysqli->real_connect()
#1 D:\sopi\xampp\htdocs\ci-newss2\system\Database\BaseConnection.php(391): CodeIgniter\Database\MySQLi\Connection->connect()
#2 D:\sopi\xampp\htdocs\ci-newss2\system\Database\BaseConnection.php(574): CodeIgniter\Database\BaseConnection->initialize()
#3 D:\sopi\xampp\htdocs\ci-newss2\system\Database\BaseBuilder.php(1616): CodeIgniter\Database\BaseConnection->query()
#4 D:\sopi\xampp\htdocs\ci-newss2\system\Model.php(241): CodeIgniter\Database\BaseBuilder->get()
#5 D:\sopi\xampp\htdocs\ci-newss2\system\BaseModel.php(618): CodeIgniter\Model->doFindAll()
#6 D:\sopi\xampp\htdocs\ci-newss2\app\Controllers\Berkas.php(13): CodeIgniter\BaseModel->findAll()
#7 D:\sopi\xampp\htdocs\ci-newss2\system\CodeIgniter.php(934): App\Controllers\Berkas->index()
#8 D:\sopi\xampp\htdocs\ci-newss2\system\CodeIgniter.php(499): CodeIgniter\CodeIgniter->runController()
#9 D:\sopi\xampp\htdocs\ci-newss2\system\CodeIgniter.php(368): CodeIgniter\CodeIgniter->handleRequest()
#10 D:\sopi\xampp\htdocs\ci-newss2\public\index.php(67): CodeIgniter\CodeIgniter->run()
#11 D:\sopi\xampp\htdocs\ci-newss2\system\Commands\Server\rewrite.php(47): require_once('...')
#12 {main}

Next CodeIgniter\Database\Exceptions\DatabaseException: No connection could be made because the target machine actively refused it in D:\sopi\xampp\htdocs\ci-newss2\system\Database\MySQLi\Connection.php:218
Stack trace:
#0 D:\sopi\xampp\htdocs\ci-newss2\system\Database\BaseConnection.php(391): CodeIgniter\Database\MySQLi\Connection->connect()
#1 D:\sopi\xampp\htdocs\ci-newss2\system\Database\BaseConnection.php(574): CodeIgniter\Database\BaseConnection->initialize()
#2 D:\sopi\xampp\htdocs\ci-newss2\system\Database\BaseBuilder.php(1616): CodeIgniter\Database\BaseConnection->query()
#3 D:\sopi\xampp\htdocs\ci-newss2\system\Model.php(241): CodeIgniter\Database\BaseBuilder->get()
#4 D:\sopi\xampp\htdocs\ci-newss2\system\BaseModel.php(618): CodeIgniter\Model->doFindAll()
#5 D:\sopi\xampp\htdocs\ci-newss2\app\Controllers\Berkas.php(13): CodeIgniter\BaseModel->findAll()
#6 D:\sopi\xampp\htdocs\ci-newss2\system\CodeIgniter.php(934): App\Controllers\Berkas->index()
#7 D:\sopi\xampp\htdocs\ci-newss2\system\CodeIgniter.php(499): CodeIgniter\CodeIgniter->runController()
#8 D:\sopi\xampp\htdocs\ci-newss2\system\CodeIgniter.php(368): CodeIgniter\CodeIgniter->handleRequest()
#9 D:\sopi\xampp\htdocs\ci-newss2\public\index.php(67): CodeIgniter\CodeIgniter->run()
#10 D:\sopi\xampp\htdocs\ci-newss2\system\Commands\Server\rewrite.php(47): require_once('...')
#11 {main}
CRITICAL - 2023-07-18 01:08:58 --> Unable to connect to the database.
Main connection [MySQLi]: No connection could be made because the target machine actively refused it
in SYSTEMPATH\Database\BaseConnection.php on line 427.
 1 SYSTEMPATH\Database\BaseConnection.php(574): CodeIgniter\Database\BaseConnection->initialize()
 2 SYSTEMPATH\Database\BaseBuilder.php(1616): CodeIgniter\Database\BaseConnection->query()
 3 SYSTEMPATH\Model.php(241): CodeIgniter\Database\BaseBuilder->get()
 4 SYSTEMPATH\BaseModel.php(618): CodeIgniter\Model->doFindAll()
 5 APPPATH\Controllers\Berkas.php(13): CodeIgniter\BaseModel->findAll()
 6 SYSTEMPATH\CodeIgniter.php(934): App\Controllers\Berkas->index()
 7 SYSTEMPATH\CodeIgniter.php(499): CodeIgniter\CodeIgniter->runController()
 8 SYSTEMPATH\CodeIgniter.php(368): CodeIgniter\CodeIgniter->handleRequest()
 9 FCPATH\index.php(67): CodeIgniter\CodeIgniter->run()
10 SYSTEMPATH\Commands\Server\rewrite.php(47): require_once('D:\\sopi\\xampp\\htdocs\\ci-newss2\\public\\index.php')
INFO - 2023-07-18 01:09:27 --> Session: Class initialized using 'CodeIgniter\Session\Handlers\FileHandler' driver.
CRITICAL - 2023-07-18 01:09:30 --> Too few arguments to function App\Controllers\Berkas::download(), 0 passed in D:\sopi\xampp\htdocs\ci-newss2\system\CodeIgniter.php on line 934 and exactly 1 expected
in APPPATH\Controllers\Berkas.php on line 62.
 1 SYSTEMPATH\CodeIgniter.php(934): App\Controllers\Berkas->download()
 2 SYSTEMPATH\CodeIgniter.php(499): CodeIgniter\CodeIgniter->runController()
 3 SYSTEMPATH\CodeIgniter.php(368): CodeIgniter\CodeIgniter->handleRequest()
 4 FCPATH\index.php(67): CodeIgniter\CodeIgniter->run()
 5 SYSTEMPATH\Commands\Server\rewrite.php(47): require_once('D:\\sopi\\xampp\\htdocs\\ci-newss2\\public\\index.php')
INFO - 2023-07-18 01:12:33 --> Session: Class initialized using 'CodeIgniter\Session\Handlers\FileHandler' driver.
INFO - 2023-07-18 01:16:44 --> Session: Class initialized using 'CodeIgniter\Session\Handlers\FileHandler' driver.
CRITICAL - 2023-07-18 01:16:44 --> Attempt to read property "id_berkas" on array
in APPPATH\Views\view_berkas.php on line 70.
 1 APPPATH\Views\view_berkas.php(70): CodeIgniter\Debug\Exceptions->errorHandler()
 2 SYSTEMPATH\View\View.php(213): include('D:\\sopi\\xampp\\htdocs\\ci-newss2\\app\\Views\\view_berkas.php')
 3 SYSTEMPATH\View\View.php(216): CodeIgniter\View\View->CodeIgniter\View\{closure}()
 4 SYSTEMPATH\Common.php(1184): CodeIgniter\View\View->render()
 5 APPPATH\Controllers\Berkas.php(14): view()
 6 SYSTEMPATH\CodeIgniter.php(934): App\Controllers\Berkas->index()
 7 SYSTEMPATH\CodeIgniter.php(499): CodeIgniter\CodeIgniter->runController()
 8 SYSTEMPATH\CodeIgniter.php(368): CodeIgniter\CodeIgniter->handleRequest()
 9 FCPATH\index.php(67): CodeIgniter\CodeIgniter->run()
10 SYSTEMPATH\Commands\Server\rewrite.php(47): require_once('D:\\sopi\\xampp\\htdocs\\ci-newss2\\public\\index.php')
INFO - 2023-07-18 01:17:22 --> Session: Class initialized using 'CodeIgniter\Session\Handlers\FileHandler' driver.
CRITICAL - 2023-07-18 01:17:22 --> Attempt to read property "id_berkas" on array
in APPPATH\Views\view_berkas.php on line 70.
 1 APPPATH\Views\view_berkas.php(70): CodeIgniter\Debug\Exceptions->errorHandler()
 2 SYSTEMPATH\View\View.php(213): include('D:\\sopi\\xampp\\htdocs\\ci-newss2\\app\\Views\\view_berkas.php')
 3 SYSTEMPATH\View\View.php(216): CodeIgniter\View\View->CodeIgniter\View\{closure}()
 4 SYSTEMPATH\Common.php(1184): CodeIgniter\View\View->render()
 5 APPPATH\Controllers\Berkas.php(14): view()
 6 SYSTEMPATH\CodeIgniter.php(934): App\Controllers\Berkas->index()
 7 SYSTEMPATH\CodeIgniter.php(499): CodeIgniter\CodeIgniter->runController()
 8 SYSTEMPATH\CodeIgniter.php(368): CodeIgniter\CodeIgniter->handleRequest()
 9 FCPATH\index.php(67): CodeIgniter\CodeIgniter->run()
10 SYSTEMPATH\Commands\Server\rewrite.php(47): require_once('D:\\sopi\\xampp\\htdocs\\ci-newss2\\public\\index.php')
INFO - 2023-07-18 01:17:52 --> Session: Class initialized using 'CodeIgniter\Session\Handlers\FileHandler' driver.
CRITICAL - 2023-07-18 01:18:02 --> Too few arguments to function App\Controllers\Berkas::download(), 0 passed in D:\sopi\xampp\htdocs\ci-newss2\system\CodeIgniter.php on line 934 and exactly 1 expected
in APPPATH\Controllers\Berkas.php on line 62.
 1 SYSTEMPATH\CodeIgniter.php(934): App\Controllers\Berkas->download()
 2 SYSTEMPATH\CodeIgniter.php(499): CodeIgniter\CodeIgniter->runController()
 3 SYSTEMPATH\CodeIgniter.php(368): CodeIgniter\CodeIgniter->handleRequest()
 4 FCPATH\index.php(67): CodeIgniter\CodeIgniter->run()
 5 SYSTEMPATH\Commands\Server\rewrite.php(47): require_once('D:\\sopi\\xampp\\htdocs\\ci-newss2\\public\\index.php')
INFO - 2023-07-18 01:19:01 --> Session: Class initialized using 'CodeIgniter\Session\Handlers\FileHandler' driver.
CRITICAL - 2023-07-18 01:19:11 --> Too few arguments to function App\Controllers\Berkas::download(), 0 passed in D:\sopi\xampp\htdocs\ci-newss2\system\CodeIgniter.php on line 934 and exactly 1 expected
in APPPATH\Controllers\Berkas.php on line 62.
 1 SYSTEMPATH\CodeIgniter.php(934): App\Controllers\Berkas->download()
 2 SYSTEMPATH\CodeIgniter.php(499): CodeIgniter\CodeIgniter->runController()
 3 SYSTEMPATH\CodeIgniter.php(368): CodeIgniter\CodeIgniter->handleRequest()
 4 FCPATH\index.php(67): CodeIgniter\CodeIgniter->run()
 5 SYSTEMPATH\Commands\Server\rewrite.php(47): require_once('D:\\sopi\\xampp\\htdocs\\ci-newss2\\public\\index.php')
CRITICAL - 2023-07-18 01:20:19 --> Too few arguments to function App\Controllers\Berkas::download(), 0 passed in D:\sopi\xampp\htdocs\ci-newss2\system\CodeIgniter.php on line 934 and exactly 1 expected
in APPPATH\Controllers\Berkas.php on line 62.
 1 SYSTEMPATH\CodeIgniter.php(934): App\Controllers\Berkas->download()
 2 SYSTEMPATH\CodeIgniter.php(499): CodeIgniter\CodeIgniter->runController()
 3 SYSTEMPATH\CodeIgniter.php(368): CodeIgniter\CodeIgniter->handleRequest()
 4 FCPATH\index.php(67): CodeIgniter\CodeIgniter->run()
 5 SYSTEMPATH\Commands\Server\rewrite.php(47): require_once('D:\\sopi\\xampp\\htdocs\\ci-newss2\\public\\index.php')
CRITICAL - 2023-07-18 01:21:33 --> Too few arguments to function App\Controllers\Berkas::download(), 0 passed in D:\sopi\xampp\htdocs\ci-newss2\system\CodeIgniter.php on line 934 and exactly 1 expected
in APPPATH\Controllers\Berkas.php on line 62.
 1 SYSTEMPATH\CodeIgniter.php(934): App\Controllers\Berkas->download()
 2 SYSTEMPATH\CodeIgniter.php(499): CodeIgniter\CodeIgniter->runController()
 3 SYSTEMPATH\CodeIgniter.php(368): CodeIgniter\CodeIgniter->handleRequest()
 4 FCPATH\index.php(67): CodeIgniter\CodeIgniter->run()
 5 SYSTEMPATH\Commands\Server\rewrite.php(47): require_once('D:\\sopi\\xampp\\htdocs\\ci-newss2\\public\\index.php')
INFO - 2023-07-18 01:27:45 --> Session: Class initialized using 'CodeIgniter\Session\Handlers\FileHandler' driver.
CRITICAL - 2023-07-18 01:27:48 --> Too few arguments to function App\Controllers\Berkas::download(), 0 passed in D:\sopi\xampp\htdocs\ci-newss2\system\CodeIgniter.php on line 934 and exactly 1 expected
in APPPATH\Controllers\Berkas.php on line 62.
 1 SYSTEMPATH\CodeIgniter.php(934): App\Controllers\Berkas->download()
 2 SYSTEMPATH\CodeIgniter.php(499): CodeIgniter\CodeIgniter->runController()
 3 SYSTEMPATH\CodeIgniter.php(368): CodeIgniter\CodeIgniter->handleRequest()
 4 FCPATH\index.php(67): CodeIgniter\CodeIgniter->run()
 5 SYSTEMPATH\Commands\Server\rewrite.php(47): require_once('D:\\sopi\\xampp\\htdocs\\ci-newss2\\public\\index.php')
CRITICAL - 2023-07-18 01:34:18 --> Too few arguments to function App\Controllers\Berkas::download(), 0 passed in D:\sopi\xampp\htdocs\ci-newss2\system\CodeIgniter.php on line 934 and exactly 1 expected
in APPPATH\Controllers\Berkas.php on line 62.
 1 SYSTEMPATH\CodeIgniter.php(934): App\Controllers\Berkas->download()
 2 SYSTEMPATH\CodeIgniter.php(499): CodeIgniter\CodeIgniter->runController()
 3 SYSTEMPATH\CodeIgniter.php(368): CodeIgniter\CodeIgniter->handleRequest()
 4 FCPATH\index.php(67): CodeIgniter\CodeIgniter->run()
 5 SYSTEMPATH\Commands\Server\rewrite.php(47): require_once('D:\\sopi\\xampp\\htdocs\\ci-newss2\\public\\index.php')
INFO - 2023-07-18 01:34:25 --> Session: Class initialized using 'CodeIgniter\Session\Handlers\FileHandler' driver.
CRITICAL - 2023-07-18 01:34:25 --> Attempt to read property "id_berkas" on array
in APPPATH\Views\view_berkas.php on line 70.
 1 APPPATH\Views\view_berkas.php(70): CodeIgniter\Debug\Exceptions->errorHandler()
 2 SYSTEMPATH\View\View.php(213): include('D:\\sopi\\xampp\\htdocs\\ci-newss2\\app\\Views\\view_berkas.php')
 3 SYSTEMPATH\View\View.php(216): CodeIgniter\View\View->CodeIgniter\View\{closure}()
 4 SYSTEMPATH\Common.php(1184): CodeIgniter\View\View->render()
 5 APPPATH\Controllers\Berkas.php(14): view()
 6 SYSTEMPATH\CodeIgniter.php(934): App\Controllers\Berkas->index()
 7 SYSTEMPATH\CodeIgniter.php(499): CodeIgniter\CodeIgniter->runController()
 8 SYSTEMPATH\CodeIgniter.php(368): CodeIgniter\CodeIgniter->handleRequest()
 9 FCPATH\index.php(67): CodeIgniter\CodeIgniter->run()
10 SYSTEMPATH\Commands\Server\rewrite.php(47): require_once('D:\\sopi\\xampp\\htdocs\\ci-newss2\\public\\index.php')
INFO - 2023-07-18 01:40:22 --> Session: Class initialized using 'CodeIgniter\Session\Handlers\FileHandler' driver.
CRITICAL - 2023-07-18 01:40:22 --> Attempt to read property "id_berkas" on array
in APPPATH\Views\view_berkas.php on line 70.
 1 APPPATH\Views\view_berkas.php(70): CodeIgniter\Debug\Exceptions->errorHandler()
 2 SYSTEMPATH\View\View.php(213): include('D:\\sopi\\xampp\\htdocs\\ci-newss2\\app\\Views\\view_berkas.php')
 3 SYSTEMPATH\View\View.php(216): CodeIgniter\View\View->CodeIgniter\View\{closure}()
 4 SYSTEMPATH\Common.php(1184): CodeIgniter\View\View->render()
 5 APPPATH\Controllers\Berkas.php(14): view()
 6 SYSTEMPATH\CodeIgniter.php(934): App\Controllers\Berkas->index()
 7 SYSTEMPATH\CodeIgniter.php(499): CodeIgniter\CodeIgniter->runController()
 8 SYSTEMPATH\CodeIgniter.php(368): CodeIgniter\CodeIgniter->handleRequest()
 9 FCPATH\index.php(67): CodeIgniter\CodeIgniter->run()
10 SYSTEMPATH\Commands\Server\rewrite.php(47): require_once('D:\\sopi\\xampp\\htdocs\\ci-newss2\\public\\index.php')
INFO - 2023-07-18 01:40:24 --> Session: Class initialized using 'CodeIgniter\Session\Handlers\FileHandler' driver.
CRITICAL - 2023-07-18 01:40:24 --> Attempt to read property "id_berkas" on array
in APPPATH\Views\view_berkas.php on line 70.
 1 APPPATH\Views\view_berkas.php(70): CodeIgniter\Debug\Exceptions->errorHandler()
 2 SYSTEMPATH\View\View.php(213): include('D:\\sopi\\xampp\\htdocs\\ci-newss2\\app\\Views\\view_berkas.php')
 3 SYSTEMPATH\View\View.php(216): CodeIgniter\View\View->CodeIgniter\View\{closure}()
 4 SYSTEMPATH\Common.php(1184): CodeIgniter\View\View->render()
 5 APPPATH\Controllers\Berkas.php(14): view()
 6 SYSTEMPATH\CodeIgniter.php(934): App\Controllers\Berkas->index()
 7 SYSTEMPATH\CodeIgniter.php(499): CodeIgniter\CodeIgniter->runController()
 8 SYSTEMPATH\CodeIgniter.php(368): CodeIgniter\CodeIgniter->handleRequest()
 9 FCPATH\index.php(67): CodeIgniter\CodeIgniter->run()
10 SYSTEMPATH\Commands\Server\rewrite.php(47): require_once('D:\\sopi\\xampp\\htdocs\\ci-newss2\\public\\index.php')
INFO - 2023-07-18 01:40:41 --> Session: Class initialized using 'CodeIgniter\Session\Handlers\FileHandler' driver.
INFO - 2023-07-18 01:43:43 --> Session: Class initialized using 'CodeIgniter\Session\Handlers\FileHandler' driver.
CRITICAL - 2023-07-18 01:43:45 --> Too few arguments to function App\Controllers\Berkas::download(), 0 passed in D:\sopi\xampp\htdocs\ci-newss2\system\CodeIgniter.php on line 934 and exactly 1 expected
in APPPATH\Controllers\Berkas.php on line 83.
 1 SYSTEMPATH\CodeIgniter.php(934): App\Controllers\Berkas->download()
 2 SYSTEMPATH\CodeIgniter.php(499): CodeIgniter\CodeIgniter->runController()
 3 SYSTEMPATH\CodeIgniter.php(368): CodeIgniter\CodeIgniter->handleRequest()
 4 FCPATH\index.php(67): CodeIgniter\CodeIgniter->run()
 5 SYSTEMPATH\Commands\Server\rewrite.php(47): require_once('D:\\sopi\\xampp\\htdocs\\ci-newss2\\public\\index.php')
INFO - 2023-07-18 01:52:17 --> Session: Class initialized using 'CodeIgniter\Session\Handlers\FileHandler' driver.
INFO - 2023-07-18 01:54:22 --> Session: Class initialized using 'CodeIgniter\Session\Handlers\FileHandler' driver.
CRITICAL - 2023-07-18 02:04:18 --> Undefined variable $row
in APPPATH\Views\berkas_kumpulan.php on line 96.
 1 APPPATH\Views\berkas_kumpulan.php(96): CodeIgniter\Debug\Exceptions->errorHandler()
 2 SYSTEMPATH\View\View.php(213): include('D:\\sopi\\xampp\\htdocs\\ci-newss2\\app\\Views\\berkas_kumpulan.php')
 3 SYSTEMPATH\View\View.php(216): CodeIgniter\View\View->CodeIgniter\View\{closure}()
 4 SYSTEMPATH\Common.php(1184): CodeIgniter\View\View->render()
 5 APPPATH\Controllers\BerkasKumpulan.php(22): view()
 6 SYSTEMPATH\CodeIgniter.php(934): App\Controllers\BerkasKumpulan->index()
 7 SYSTEMPATH\CodeIgniter.php(499): CodeIgniter\CodeIgniter->runController()
 8 SYSTEMPATH\CodeIgniter.php(368): CodeIgniter\CodeIgniter->handleRequest()
 9 FCPATH\index.php(67): CodeIgniter\CodeIgniter->run()
10 SYSTEMPATH\Commands\Server\rewrite.php(47): require_once('D:\\sopi\\xampp\\htdocs\\ci-newss2\\public\\index.php')
CRITICAL - 2023-07-18 02:11:55 --> Undefined variable $berkas
in APPPATH\Views\berkas_kumpulan.php on line 91.
 1 APPPATH\Views\berkas_kumpulan.php(91): CodeIgniter\Debug\Exceptions->errorHandler()
 2 SYSTEMPATH\View\View.php(213): include('D:\\sopi\\xampp\\htdocs\\ci-newss2\\app\\Views\\berkas_kumpulan.php')
 3 SYSTEMPATH\View\View.php(216): CodeIgniter\View\View->CodeIgniter\View\{closure}()
 4 SYSTEMPATH\Common.php(1184): CodeIgniter\View\View->render()
 5 APPPATH\Controllers\BerkasKumpulan.php(22): view()
 6 SYSTEMPATH\CodeIgniter.php(934): App\Controllers\BerkasKumpulan->index()
 7 SYSTEMPATH\CodeIgniter.php(499): CodeIgniter\CodeIgniter->runController()
 8 SYSTEMPATH\CodeIgniter.php(368): CodeIgniter\CodeIgniter->handleRequest()
 9 FCPATH\index.php(67): CodeIgniter\CodeIgniter->run()
10 SYSTEMPATH\Commands\Server\rewrite.php(47): require_once('D:\\sopi\\xampp\\htdocs\\ci-newss2\\public\\index.php')
INFO - 2023-07-18 02:33:17 --> Session: Class initialized using 'CodeIgniter\Session\Handlers\FileHandler' driver.
INFO - 2023-07-18 02:40:12 --> Session: Class initialized using 'CodeIgniter\Session\Handlers\FileHandler' driver.
INFO - 2023-07-18 02:40:20 --> CSRF token verified.
INFO - 2023-07-18 02:40:20 --> Session: Class initialized using 'CodeIgniter\Session\Handlers\FileHandler' driver.
INFO - 2023-07-18 02:40:21 --> Session: Class initialized using 'CodeIgniter\Session\Handlers\FileHandler' driver.
INFO - 2023-07-18 02:40:23 --> Session: Class initialized using 'CodeIgniter\Session\Handlers\FileHandler' driver.
INFO - 2023-07-18 02:42:17 --> CSRF token verified.
INFO - 2023-07-18 02:42:17 --> Session: Class initialized using 'CodeIgniter\Session\Handlers\FileHandler' driver.
INFO - 2023-07-18 02:42:18 --> Session: Class initialized using 'CodeIgniter\Session\Handlers\FileHandler' driver.
INFO - 2023-07-18 02:42:46 --> Session: Class initialized using 'CodeIgniter\Session\Handlers\FileHandler' driver.
INFO - 2023-07-18 02:42:46 --> Session: Class initialized using 'CodeIgniter\Session\Handlers\FileHandler' driver.
INFO - 2023-07-18 04:04:30 --> Session: Class initialized using 'CodeIgniter\Session\Handlers\FileHandler' driver.
