ERROR - 2023-06-09 01:58:06 --> Error connecting to the database: mysqli_sql_exception: Unknown database 'ci-newss' in D:\sopi\xampp\htdocs\ci-newss\system\Database\MySQLi\Connection.php:173
Stack trace:
#0 D:\sopi\xampp\htdocs\ci-newss\system\Database\MySQLi\Connection.php(173): mysqli->real_connect()
#1 D:\sopi\xampp\htdocs\ci-newss\system\Database\BaseConnection.php(391): CodeIgniter\Database\MySQLi\Connection->connect()
#2 D:\sopi\xampp\htdocs\ci-newss\system\Database\BaseConnection.php(574): CodeIgniter\Database\BaseConnection->initialize()
#3 D:\sopi\xampp\htdocs\ci-newss\system\Database\BaseConnection.php(1409): CodeIgniter\Database\BaseConnection->query()
#4 D:\sopi\xampp\htdocs\ci-newss\system\Database\BaseConnection.php(1428): CodeIgniter\Database\BaseConnection->listTables()
#5 D:\sopi\xampp\htdocs\ci-newss\system\Database\MigrationRunner.php(768): CodeIgniter\Database\BaseConnection->tableExists()
#6 D:\sopi\xampp\htdocs\ci-newss\system\Database\MigrationRunner.php(168): CodeIgniter\Database\MigrationRunner->ensureTable()
#7 D:\sopi\xampp\htdocs\ci-newss\system\Commands\Database\Migrate.php(84): CodeIgniter\Database\MigrationRunner->latest()
#8 D:\sopi\xampp\htdocs\ci-newss\system\CLI\Commands.php(65): CodeIgniter\Commands\Database\Migrate->run()
#9 D:\sopi\xampp\htdocs\ci-newss\system\CLI\Console.php(37): CodeIgniter\CLI\Commands->run()
#10 D:\sopi\xampp\htdocs\ci-newss\spark(97): CodeIgniter\CLI\Console->run()
#11 {main}

Next CodeIgniter\Database\Exceptions\DatabaseException: Unknown database 'ci-newss' in D:\sopi\xampp\htdocs\ci-newss\system\Database\MySQLi\Connection.php:218
Stack trace:
#0 D:\sopi\xampp\htdocs\ci-newss\system\Database\BaseConnection.php(391): CodeIgniter\Database\MySQLi\Connection->connect()
#1 D:\sopi\xampp\htdocs\ci-newss\system\Database\BaseConnection.php(574): CodeIgniter\Database\BaseConnection->initialize()
#2 D:\sopi\xampp\htdocs\ci-newss\system\Database\BaseConnection.php(1409): CodeIgniter\Database\BaseConnection->query()
#3 D:\sopi\xampp\htdocs\ci-newss\system\Database\BaseConnection.php(1428): CodeIgniter\Database\BaseConnection->listTables()
#4 D:\sopi\xampp\htdocs\ci-newss\system\Database\MigrationRunner.php(768): CodeIgniter\Database\BaseConnection->tableExists()
#5 D:\sopi\xampp\htdocs\ci-newss\system\Database\MigrationRunner.php(168): CodeIgniter\Database\MigrationRunner->ensureTable()
#6 D:\sopi\xampp\htdocs\ci-newss\system\Commands\Database\Migrate.php(84): CodeIgniter\Database\MigrationRunner->latest()
#7 D:\sopi\xampp\htdocs\ci-newss\system\CLI\Commands.php(65): CodeIgniter\Commands\Database\Migrate->run()
#8 D:\sopi\xampp\htdocs\ci-newss\system\CLI\Console.php(37): CodeIgniter\CLI\Commands->run()
#9 D:\sopi\xampp\htdocs\ci-newss\spark(97): CodeIgniter\CLI\Console->run()
#10 {main}
ERROR - 2023-06-09 02:01:30 --> Error connecting to the database: mysqli_sql_exception: Access denied for user ''@'localhost' (using password: NO) in D:\sopi\xampp\htdocs\ci-newss\system\Database\MySQLi\Connection.php:173
Stack trace:
#0 D:\sopi\xampp\htdocs\ci-newss\system\Database\MySQLi\Connection.php(173): mysqli->real_connect()
#1 D:\sopi\xampp\htdocs\ci-newss\system\Database\BaseConnection.php(391): CodeIgniter\Database\MySQLi\Connection->connect()
#2 D:\sopi\xampp\htdocs\ci-newss\system\Database\BaseConnection.php(574): CodeIgniter\Database\BaseConnection->initialize()
#3 D:\sopi\xampp\htdocs\ci-newss\system\Database\BaseConnection.php(1409): CodeIgniter\Database\BaseConnection->query()
#4 D:\sopi\xampp\htdocs\ci-newss\system\Database\BaseConnection.php(1428): CodeIgniter\Database\BaseConnection->listTables()
#5 D:\sopi\xampp\htdocs\ci-newss\system\Database\MigrationRunner.php(768): CodeIgniter\Database\BaseConnection->tableExists()
#6 D:\sopi\xampp\htdocs\ci-newss\system\Database\MigrationRunner.php(168): CodeIgniter\Database\MigrationRunner->ensureTable()
#7 D:\sopi\xampp\htdocs\ci-newss\system\Commands\Database\Migrate.php(84): CodeIgniter\Database\MigrationRunner->latest()
#8 D:\sopi\xampp\htdocs\ci-newss\system\CLI\Commands.php(65): CodeIgniter\Commands\Database\Migrate->run()
#9 D:\sopi\xampp\htdocs\ci-newss\system\CLI\Console.php(37): CodeIgniter\CLI\Commands->run()
#10 D:\sopi\xampp\htdocs\ci-newss\spark(97): CodeIgniter\CLI\Console->run()
#11 {main}

Next CodeIgniter\Database\Exceptions\DatabaseException: Access denied for user ''@'localhost' (using password: NO) in D:\sopi\xampp\htdocs\ci-newss\system\Database\MySQLi\Connection.php:218
Stack trace:
#0 D:\sopi\xampp\htdocs\ci-newss\system\Database\BaseConnection.php(391): CodeIgniter\Database\MySQLi\Connection->connect()
#1 D:\sopi\xampp\htdocs\ci-newss\system\Database\BaseConnection.php(574): CodeIgniter\Database\BaseConnection->initialize()
#2 D:\sopi\xampp\htdocs\ci-newss\system\Database\BaseConnection.php(1409): CodeIgniter\Database\BaseConnection->query()
#3 D:\sopi\xampp\htdocs\ci-newss\system\Database\BaseConnection.php(1428): CodeIgniter\Database\BaseConnection->listTables()
#4 D:\sopi\xampp\htdocs\ci-newss\system\Database\MigrationRunner.php(768): CodeIgniter\Database\BaseConnection->tableExists()
#5 D:\sopi\xampp\htdocs\ci-newss\system\Database\MigrationRunner.php(168): CodeIgniter\Database\MigrationRunner->ensureTable()
#6 D:\sopi\xampp\htdocs\ci-newss\system\Commands\Database\Migrate.php(84): CodeIgniter\Database\MigrationRunner->latest()
#7 D:\sopi\xampp\htdocs\ci-newss\system\CLI\Commands.php(65): CodeIgniter\Commands\Database\Migrate->run()
#8 D:\sopi\xampp\htdocs\ci-newss\system\CLI\Console.php(37): CodeIgniter\CLI\Commands->run()
#9 D:\sopi\xampp\htdocs\ci-newss\spark(97): CodeIgniter\CLI\Console->run()
#10 {main}
ERROR - 2023-06-09 02:01:55 --> Error connecting to the database: mysqli_sql_exception: Unknown database 'ci-newss' in D:\sopi\xampp\htdocs\ci-newss\system\Database\MySQLi\Connection.php:173
Stack trace:
#0 D:\sopi\xampp\htdocs\ci-newss\system\Database\MySQLi\Connection.php(173): mysqli->real_connect()
#1 D:\sopi\xampp\htdocs\ci-newss\system\Database\BaseConnection.php(391): CodeIgniter\Database\MySQLi\Connection->connect()
#2 D:\sopi\xampp\htdocs\ci-newss\system\Database\BaseConnection.php(574): CodeIgniter\Database\BaseConnection->initialize()
#3 D:\sopi\xampp\htdocs\ci-newss\system\Database\BaseConnection.php(1409): CodeIgniter\Database\BaseConnection->query()
#4 D:\sopi\xampp\htdocs\ci-newss\system\Database\BaseConnection.php(1428): CodeIgniter\Database\BaseConnection->listTables()
#5 D:\sopi\xampp\htdocs\ci-newss\system\Database\MigrationRunner.php(768): CodeIgniter\Database\BaseConnection->tableExists()
#6 D:\sopi\xampp\htdocs\ci-newss\system\Database\MigrationRunner.php(168): CodeIgniter\Database\MigrationRunner->ensureTable()
#7 D:\sopi\xampp\htdocs\ci-newss\system\Commands\Database\Migrate.php(84): CodeIgniter\Database\MigrationRunner->latest()
#8 D:\sopi\xampp\htdocs\ci-newss\system\CLI\Commands.php(65): CodeIgniter\Commands\Database\Migrate->run()
#9 D:\sopi\xampp\htdocs\ci-newss\system\CLI\Console.php(37): CodeIgniter\CLI\Commands->run()
#10 D:\sopi\xampp\htdocs\ci-newss\spark(97): CodeIgniter\CLI\Console->run()
#11 {main}

Next CodeIgniter\Database\Exceptions\DatabaseException: Unknown database 'ci-newss' in D:\sopi\xampp\htdocs\ci-newss\system\Database\MySQLi\Connection.php:218
Stack trace:
#0 D:\sopi\xampp\htdocs\ci-newss\system\Database\BaseConnection.php(391): CodeIgniter\Database\MySQLi\Connection->connect()
#1 D:\sopi\xampp\htdocs\ci-newss\system\Database\BaseConnection.php(574): CodeIgniter\Database\BaseConnection->initialize()
#2 D:\sopi\xampp\htdocs\ci-newss\system\Database\BaseConnection.php(1409): CodeIgniter\Database\BaseConnection->query()
#3 D:\sopi\xampp\htdocs\ci-newss\system\Database\BaseConnection.php(1428): CodeIgniter\Database\BaseConnection->listTables()
#4 D:\sopi\xampp\htdocs\ci-newss\system\Database\MigrationRunner.php(768): CodeIgniter\Database\BaseConnection->tableExists()
#5 D:\sopi\xampp\htdocs\ci-newss\system\Database\MigrationRunner.php(168): CodeIgniter\Database\MigrationRunner->ensureTable()
#6 D:\sopi\xampp\htdocs\ci-newss\system\Commands\Database\Migrate.php(84): CodeIgniter\Database\MigrationRunner->latest()
#7 D:\sopi\xampp\htdocs\ci-newss\system\CLI\Commands.php(65): CodeIgniter\Commands\Database\Migrate->run()
#8 D:\sopi\xampp\htdocs\ci-newss\system\CLI\Console.php(37): CodeIgniter\CLI\Commands->run()
#9 D:\sopi\xampp\htdocs\ci-newss\spark(97): CodeIgniter\CLI\Console->run()
#10 {main}
ERROR - 2023-06-09 02:02:37 --> Error connecting to the database: mysqli_sql_exception: Access denied for user 'root'@'localhost' (using password: YES) in D:\sopi\xampp\htdocs\ci-newss\system\Database\MySQLi\Connection.php:173
Stack trace:
#0 D:\sopi\xampp\htdocs\ci-newss\system\Database\MySQLi\Connection.php(173): mysqli->real_connect()
#1 D:\sopi\xampp\htdocs\ci-newss\system\Database\BaseConnection.php(391): CodeIgniter\Database\MySQLi\Connection->connect()
#2 D:\sopi\xampp\htdocs\ci-newss\system\Database\BaseConnection.php(574): CodeIgniter\Database\BaseConnection->initialize()
#3 D:\sopi\xampp\htdocs\ci-newss\system\Database\BaseConnection.php(1409): CodeIgniter\Database\BaseConnection->query()
#4 D:\sopi\xampp\htdocs\ci-newss\system\Database\BaseConnection.php(1428): CodeIgniter\Database\BaseConnection->listTables()
#5 D:\sopi\xampp\htdocs\ci-newss\system\Database\MigrationRunner.php(768): CodeIgniter\Database\BaseConnection->tableExists()
#6 D:\sopi\xampp\htdocs\ci-newss\system\Database\MigrationRunner.php(168): CodeIgniter\Database\MigrationRunner->ensureTable()
#7 D:\sopi\xampp\htdocs\ci-newss\system\Commands\Database\Migrate.php(84): CodeIgniter\Database\MigrationRunner->latest()
#8 D:\sopi\xampp\htdocs\ci-newss\system\CLI\Commands.php(65): CodeIgniter\Commands\Database\Migrate->run()
#9 D:\sopi\xampp\htdocs\ci-newss\system\CLI\Console.php(37): CodeIgniter\CLI\Commands->run()
#10 D:\sopi\xampp\htdocs\ci-newss\spark(97): CodeIgniter\CLI\Console->run()
#11 {main}

Next CodeIgniter\Database\Exceptions\DatabaseException: Access denied for user '****'@'localhost' (using password: ****) in D:\sopi\xampp\htdocs\ci-newss\system\Database\MySQLi\Connection.php:218
Stack trace:
#0 D:\sopi\xampp\htdocs\ci-newss\system\Database\BaseConnection.php(391): CodeIgniter\Database\MySQLi\Connection->connect()
#1 D:\sopi\xampp\htdocs\ci-newss\system\Database\BaseConnection.php(574): CodeIgniter\Database\BaseConnection->initialize()
#2 D:\sopi\xampp\htdocs\ci-newss\system\Database\BaseConnection.php(1409): CodeIgniter\Database\BaseConnection->query()
#3 D:\sopi\xampp\htdocs\ci-newss\system\Database\BaseConnection.php(1428): CodeIgniter\Database\BaseConnection->listTables()
#4 D:\sopi\xampp\htdocs\ci-newss\system\Database\MigrationRunner.php(768): CodeIgniter\Database\BaseConnection->tableExists()
#5 D:\sopi\xampp\htdocs\ci-newss\system\Database\MigrationRunner.php(168): CodeIgniter\Database\MigrationRunner->ensureTable()
#6 D:\sopi\xampp\htdocs\ci-newss\system\Commands\Database\Migrate.php(84): CodeIgniter\Database\MigrationRunner->latest()
#7 D:\sopi\xampp\htdocs\ci-newss\system\CLI\Commands.php(65): CodeIgniter\Commands\Database\Migrate->run()
#8 D:\sopi\xampp\htdocs\ci-newss\system\CLI\Console.php(37): CodeIgniter\CLI\Commands->run()
#9 D:\sopi\xampp\htdocs\ci-newss\spark(97): CodeIgniter\CLI\Console->run()
#10 {main}
ERROR - 2023-06-09 02:03:01 --> Error connecting to the database: mysqli_sql_exception: Access denied for user 'root'@'localhost' (using password: YES) in D:\sopi\xampp\htdocs\ci-newss\system\Database\MySQLi\Connection.php:173
Stack trace:
#0 D:\sopi\xampp\htdocs\ci-newss\system\Database\MySQLi\Connection.php(173): mysqli->real_connect()
#1 D:\sopi\xampp\htdocs\ci-newss\system\Database\BaseConnection.php(391): CodeIgniter\Database\MySQLi\Connection->connect()
#2 D:\sopi\xampp\htdocs\ci-newss\system\Database\BaseConnection.php(574): CodeIgniter\Database\BaseConnection->initialize()
#3 D:\sopi\xampp\htdocs\ci-newss\system\Database\BaseConnection.php(1409): CodeIgniter\Database\BaseConnection->query()
#4 D:\sopi\xampp\htdocs\ci-newss\system\Database\BaseConnection.php(1428): CodeIgniter\Database\BaseConnection->listTables()
#5 D:\sopi\xampp\htdocs\ci-newss\system\Database\MigrationRunner.php(768): CodeIgniter\Database\BaseConnection->tableExists()
#6 D:\sopi\xampp\htdocs\ci-newss\system\Database\MigrationRunner.php(168): CodeIgniter\Database\MigrationRunner->ensureTable()
#7 D:\sopi\xampp\htdocs\ci-newss\system\Commands\Database\Migrate.php(84): CodeIgniter\Database\MigrationRunner->latest()
#8 D:\sopi\xampp\htdocs\ci-newss\system\CLI\Commands.php(65): CodeIgniter\Commands\Database\Migrate->run()
#9 D:\sopi\xampp\htdocs\ci-newss\system\CLI\Console.php(37): CodeIgniter\CLI\Commands->run()
#10 D:\sopi\xampp\htdocs\ci-newss\spark(97): CodeIgniter\CLI\Console->run()
#11 {main}

Next CodeIgniter\Database\Exceptions\DatabaseException: Access denied for user '****'@'localhost' (using password: YES) in D:\sopi\xampp\htdocs\ci-newss\system\Database\MySQLi\Connection.php:218
Stack trace:
#0 D:\sopi\xampp\htdocs\ci-newss\system\Database\BaseConnection.php(391): CodeIgniter\Database\MySQLi\Connection->connect()
#1 D:\sopi\xampp\htdocs\ci-newss\system\Database\BaseConnection.php(574): CodeIgniter\Database\BaseConnection->initialize()
#2 D:\sopi\xampp\htdocs\ci-newss\system\Database\BaseConnection.php(1409): CodeIgniter\Database\BaseConnection->query()
#3 D:\sopi\xampp\htdocs\ci-newss\system\Database\BaseConnection.php(1428): CodeIgniter\Database\BaseConnection->listTables()
#4 D:\sopi\xampp\htdocs\ci-newss\system\Database\MigrationRunner.php(768): CodeIgniter\Database\BaseConnection->tableExists()
#5 D:\sopi\xampp\htdocs\ci-newss\system\Database\MigrationRunner.php(168): CodeIgniter\Database\MigrationRunner->ensureTable()
#6 D:\sopi\xampp\htdocs\ci-newss\system\Commands\Database\Migrate.php(84): CodeIgniter\Database\MigrationRunner->latest()
#7 D:\sopi\xampp\htdocs\ci-newss\system\CLI\Commands.php(65): CodeIgniter\Commands\Database\Migrate->run()
#8 D:\sopi\xampp\htdocs\ci-newss\system\CLI\Console.php(37): CodeIgniter\CLI\Commands->run()
#9 D:\sopi\xampp\htdocs\ci-newss\spark(97): CodeIgniter\CLI\Console->run()
#10 {main}
ERROR - 2023-06-09 02:03:40 --> Error connecting to the database: mysqli_sql_exception: Unknown database 'ci-newss' in D:\sopi\xampp\htdocs\ci-newss\system\Database\MySQLi\Connection.php:173
Stack trace:
#0 D:\sopi\xampp\htdocs\ci-newss\system\Database\MySQLi\Connection.php(173): mysqli->real_connect()
#1 D:\sopi\xampp\htdocs\ci-newss\system\Database\BaseConnection.php(391): CodeIgniter\Database\MySQLi\Connection->connect()
#2 D:\sopi\xampp\htdocs\ci-newss\system\Database\BaseConnection.php(574): CodeIgniter\Database\BaseConnection->initialize()
#3 D:\sopi\xampp\htdocs\ci-newss\system\Database\BaseConnection.php(1409): CodeIgniter\Database\BaseConnection->query()
#4 D:\sopi\xampp\htdocs\ci-newss\system\Database\BaseConnection.php(1428): CodeIgniter\Database\BaseConnection->listTables()
#5 D:\sopi\xampp\htdocs\ci-newss\system\Database\MigrationRunner.php(768): CodeIgniter\Database\BaseConnection->tableExists()
#6 D:\sopi\xampp\htdocs\ci-newss\system\Database\MigrationRunner.php(168): CodeIgniter\Database\MigrationRunner->ensureTable()
#7 D:\sopi\xampp\htdocs\ci-newss\system\Commands\Database\Migrate.php(84): CodeIgniter\Database\MigrationRunner->latest()
#8 D:\sopi\xampp\htdocs\ci-newss\system\CLI\Commands.php(65): CodeIgniter\Commands\Database\Migrate->run()
#9 D:\sopi\xampp\htdocs\ci-newss\system\CLI\Console.php(37): CodeIgniter\CLI\Commands->run()
#10 D:\sopi\xampp\htdocs\ci-newss\spark(97): CodeIgniter\CLI\Console->run()
#11 {main}

Next CodeIgniter\Database\Exceptions\DatabaseException: Unknown database 'ci-newss' in D:\sopi\xampp\htdocs\ci-newss\system\Database\MySQLi\Connection.php:218
Stack trace:
#0 D:\sopi\xampp\htdocs\ci-newss\system\Database\BaseConnection.php(391): CodeIgniter\Database\MySQLi\Connection->connect()
#1 D:\sopi\xampp\htdocs\ci-newss\system\Database\BaseConnection.php(574): CodeIgniter\Database\BaseConnection->initialize()
#2 D:\sopi\xampp\htdocs\ci-newss\system\Database\BaseConnection.php(1409): CodeIgniter\Database\BaseConnection->query()
#3 D:\sopi\xampp\htdocs\ci-newss\system\Database\BaseConnection.php(1428): CodeIgniter\Database\BaseConnection->listTables()
#4 D:\sopi\xampp\htdocs\ci-newss\system\Database\MigrationRunner.php(768): CodeIgniter\Database\BaseConnection->tableExists()
#5 D:\sopi\xampp\htdocs\ci-newss\system\Database\MigrationRunner.php(168): CodeIgniter\Database\MigrationRunner->ensureTable()
#6 D:\sopi\xampp\htdocs\ci-newss\system\Commands\Database\Migrate.php(84): CodeIgniter\Database\MigrationRunner->latest()
#7 D:\sopi\xampp\htdocs\ci-newss\system\CLI\Commands.php(65): CodeIgniter\Commands\Database\Migrate->run()
#8 D:\sopi\xampp\htdocs\ci-newss\system\CLI\Console.php(37): CodeIgniter\CLI\Commands->run()
#9 D:\sopi\xampp\htdocs\ci-newss\spark(97): CodeIgniter\CLI\Console->run()
#10 {main}
ERROR - 2023-06-09 02:07:05 --> mysqli_sql_exception: Unknown column 'slug' in 'field list' in D:\sopi\xampp\htdocs\ci-newss\system\Database\MySQLi\Connection.php:295
Stack trace:
#0 D:\sopi\xampp\htdocs\ci-newss\system\Database\MySQLi\Connection.php(295): mysqli->query()
#1 D:\sopi\xampp\htdocs\ci-newss\system\Database\BaseConnection.php(692): CodeIgniter\Database\MySQLi\Connection->execute()
#2 D:\sopi\xampp\htdocs\ci-newss\system\Database\BaseConnection.php(606): CodeIgniter\Database\BaseConnection->simpleQuery()
#3 D:\sopi\xampp\htdocs\ci-newss\system\Database\BaseBuilder.php(2309): CodeIgniter\Database\BaseConnection->query()
#4 D:\sopi\xampp\htdocs\ci-newss\app\Database\Seeds\News.php(32): CodeIgniter\Database\BaseBuilder->insert()
#5 D:\sopi\xampp\htdocs\ci-newss\system\Database\Seeder.php(146): App\Database\Seeds\News->run()
#6 D:\sopi\xampp\htdocs\ci-newss\system\Commands\Database\Seed.php(77): CodeIgniter\Database\Seeder->call()
#7 D:\sopi\xampp\htdocs\ci-newss\system\CLI\Commands.php(65): CodeIgniter\Commands\Database\Seed->run()
#8 D:\sopi\xampp\htdocs\ci-newss\system\CLI\Console.php(37): CodeIgniter\CLI\Commands->run()
#9 D:\sopi\xampp\htdocs\ci-newss\spark(97): CodeIgniter\CLI\Console->run()
#10 {main}
ERROR - 2023-06-09 02:07:21 --> mysqli_sql_exception: Unknown column 'slug' in 'field list' in D:\sopi\xampp\htdocs\ci-newss\system\Database\MySQLi\Connection.php:295
Stack trace:
#0 D:\sopi\xampp\htdocs\ci-newss\system\Database\MySQLi\Connection.php(295): mysqli->query()
#1 D:\sopi\xampp\htdocs\ci-newss\system\Database\BaseConnection.php(692): CodeIgniter\Database\MySQLi\Connection->execute()
#2 D:\sopi\xampp\htdocs\ci-newss\system\Database\BaseConnection.php(606): CodeIgniter\Database\BaseConnection->simpleQuery()
#3 D:\sopi\xampp\htdocs\ci-newss\system\Database\BaseBuilder.php(2309): CodeIgniter\Database\BaseConnection->query()
#4 D:\sopi\xampp\htdocs\ci-newss\app\Database\Seeds\News.php(32): CodeIgniter\Database\BaseBuilder->insert()
#5 D:\sopi\xampp\htdocs\ci-newss\system\Database\Seeder.php(146): App\Database\Seeds\News->run()
#6 D:\sopi\xampp\htdocs\ci-newss\system\Commands\Database\Seed.php(77): CodeIgniter\Database\Seeder->call()
#7 D:\sopi\xampp\htdocs\ci-newss\system\CLI\Commands.php(65): CodeIgniter\Commands\Database\Seed->run()
#8 D:\sopi\xampp\htdocs\ci-newss\system\CLI\Console.php(37): CodeIgniter\CLI\Commands->run()
#9 D:\sopi\xampp\htdocs\ci-newss\spark(97): CodeIgniter\CLI\Console->run()
#10 {main}
CRITICAL - 2023-06-09 03:08:40 --> Invalid file: "layout/post_layout.php"
in SYSTEMPATH\Exceptions\FrameworkException.php on line 33.
 1 SYSTEMPATH\View\View.php(201): CodeIgniter\Exceptions\FrameworkException::forInvalidFile()
 2 SYSTEMPATH\View\View.php(229): CodeIgniter\View\View->render()
 3 SYSTEMPATH\Common.php(1184): CodeIgniter\View\View->render()
 4 APPPATH\Controllers\News.php(22): view()
 5 SYSTEMPATH\CodeIgniter.php(934): App\Controllers\News->index()
 6 SYSTEMPATH\CodeIgniter.php(499): CodeIgniter\CodeIgniter->runController()
 7 SYSTEMPATH\CodeIgniter.php(368): CodeIgniter\CodeIgniter->handleRequest()
 8 FCPATH\index.php(67): CodeIgniter\CodeIgniter->run()
 9 SYSTEMPATH\Commands\Server\rewrite.php(47): require_once('D:\\sopi\\xampp\\htdocs\\ci-newss\\public\\index.php')
