INFO - 2023-07-17 01:31:12 --> Session: Class initialized using 'CodeIgniter\Session\Handlers\FileHandler' driver.
CRITICAL - 2023-07-17 01:31:16 --> Too few arguments to function App\Controllers\Berkas::download(), 0 passed in D:\sopi\xampp\htdocs\ci-newss2\system\CodeIgniter.php on line 934 and exactly 1 expected
in APPPATH\Controllers\Berkas.php on line 62.
 1 SYSTEMPATH\CodeIgniter.php(934): App\Controllers\Berkas->download()
 2 SYSTEMPATH\CodeIgniter.php(499): CodeIgniter\CodeIgniter->runController()
 3 SYSTEMPATH\CodeIgniter.php(368): CodeIgniter\CodeIgniter->handleRequest()
 4 FCPATH\index.php(67): CodeIgniter\CodeIgniter->run()
 5 SYSTEMPATH\Commands\Server\rewrite.php(47): require_once('D:\\sopi\\xampp\\htdocs\\ci-newss2\\public\\index.php')
INFO - 2023-07-17 01:38:12 --> Session: Class initialized using 'CodeIgniter\Session\Handlers\FileHandler' driver.
CRITICAL - 2023-07-17 01:38:22 --> Too few arguments to function App\Controllers\Berkas::download(), 0 passed in D:\sopi\xampp\htdocs\ci-newss2\system\CodeIgniter.php on line 934 and exactly 1 expected
in APPPATH\Controllers\Berkas.php on line 62.
 1 SYSTEMPATH\CodeIgniter.php(934): App\Controllers\Berkas->download()
 2 SYSTEMPATH\CodeIgniter.php(499): CodeIgniter\CodeIgniter->runController()
 3 SYSTEMPATH\CodeIgniter.php(368): CodeIgniter\CodeIgniter->handleRequest()
 4 FCPATH\index.php(67): CodeIgniter\CodeIgniter->run()
 5 SYSTEMPATH\Commands\Server\rewrite.php(47): require_once('D:\\sopi\\xampp\\htdocs\\ci-newss2\\public\\index.php')
INFO - 2023-07-17 01:38:33 --> Session: Class initialized using 'CodeIgniter\Session\Handlers\FileHandler' driver.
INFO - 2023-07-17 01:38:57 --> Session: Class initialized using 'CodeIgniter\Session\Handlers\FileHandler' driver.
CRITICAL - 2023-07-17 01:38:59 --> Too few arguments to function App\Controllers\Berkas::download(), 0 passed in D:\sopi\xampp\htdocs\ci-newss2\system\CodeIgniter.php on line 934 and exactly 1 expected
in APPPATH\Controllers\Berkas.php on line 62.
 1 SYSTEMPATH\CodeIgniter.php(934): App\Controllers\Berkas->download()
 2 SYSTEMPATH\CodeIgniter.php(499): CodeIgniter\CodeIgniter->runController()
 3 SYSTEMPATH\CodeIgniter.php(368): CodeIgniter\CodeIgniter->handleRequest()
 4 FCPATH\index.php(67): CodeIgniter\CodeIgniter->run()
 5 SYSTEMPATH\Commands\Server\rewrite.php(47): require_once('D:\\sopi\\xampp\\htdocs\\ci-newss2\\public\\index.php')
INFO - 2023-07-17 01:43:51 --> Session: Class initialized using 'CodeIgniter\Session\Handlers\FileHandler' driver.
CRITICAL - 2023-07-17 01:43:53 --> Too few arguments to function App\Controllers\Berkas::download(), 0 passed in D:\sopi\xampp\htdocs\ci-newss2\system\CodeIgniter.php on line 934 and exactly 1 expected
in APPPATH\Controllers\Berkas.php on line 62.
 1 SYSTEMPATH\CodeIgniter.php(934): App\Controllers\Berkas->download()
 2 SYSTEMPATH\CodeIgniter.php(499): CodeIgniter\CodeIgniter->runController()
 3 SYSTEMPATH\CodeIgniter.php(368): CodeIgniter\CodeIgniter->handleRequest()
 4 FCPATH\index.php(67): CodeIgniter\CodeIgniter->run()
 5 SYSTEMPATH\Commands\Server\rewrite.php(47): require_once('D:\\sopi\\xampp\\htdocs\\ci-newss2\\public\\index.php')
INFO - 2023-07-17 01:44:16 --> Session: Class initialized using 'CodeIgniter\Session\Handlers\FileHandler' driver.
CRITICAL - 2023-07-17 01:44:19 --> Too few arguments to function App\Controllers\Berkas::download(), 0 passed in D:\sopi\xampp\htdocs\ci-newss2\system\CodeIgniter.php on line 934 and exactly 1 expected
in APPPATH\Controllers\Berkas.php on line 62.
 1 SYSTEMPATH\CodeIgniter.php(934): App\Controllers\Berkas->download()
 2 SYSTEMPATH\CodeIgniter.php(499): CodeIgniter\CodeIgniter->runController()
 3 SYSTEMPATH\CodeIgniter.php(368): CodeIgniter\CodeIgniter->handleRequest()
 4 FCPATH\index.php(67): CodeIgniter\CodeIgniter->run()
 5 SYSTEMPATH\Commands\Server\rewrite.php(47): require_once('D:\\sopi\\xampp\\htdocs\\ci-newss2\\public\\index.php')
CRITICAL - 2023-07-17 01:47:57 --> Too few arguments to function App\Controllers\Berkas::download(), 0 passed in D:\sopi\xampp\htdocs\ci-newss2\system\CodeIgniter.php on line 934 and exactly 1 expected
in APPPATH\Controllers\Berkas.php on line 62.
 1 SYSTEMPATH\CodeIgniter.php(934): App\Controllers\Berkas->download()
 2 SYSTEMPATH\CodeIgniter.php(499): CodeIgniter\CodeIgniter->runController()
 3 SYSTEMPATH\CodeIgniter.php(368): CodeIgniter\CodeIgniter->handleRequest()
 4 FCPATH\index.php(67): CodeIgniter\CodeIgniter->run()
 5 SYSTEMPATH\Commands\Server\rewrite.php(47): require_once('D:\\sopi\\xampp\\htdocs\\ci-newss2\\public\\index.php')
INFO - 2023-07-17 01:48:02 --> Session: Class initialized using 'CodeIgniter\Session\Handlers\FileHandler' driver.
CRITICAL - 2023-07-17 01:48:06 --> Too few arguments to function App\Controllers\Berkas::download(), 0 passed in D:\sopi\xampp\htdocs\ci-newss2\system\CodeIgniter.php on line 934 and exactly 1 expected
in APPPATH\Controllers\Berkas.php on line 62.
 1 SYSTEMPATH\CodeIgniter.php(934): App\Controllers\Berkas->download()
 2 SYSTEMPATH\CodeIgniter.php(499): CodeIgniter\CodeIgniter->runController()
 3 SYSTEMPATH\CodeIgniter.php(368): CodeIgniter\CodeIgniter->handleRequest()
 4 FCPATH\index.php(67): CodeIgniter\CodeIgniter->run()
 5 SYSTEMPATH\Commands\Server\rewrite.php(47): require_once('D:\\sopi\\xampp\\htdocs\\ci-newss2\\public\\index.php')
INFO - 2023-07-17 01:52:59 --> Session: Class initialized using 'CodeIgniter\Session\Handlers\FileHandler' driver.
CRITICAL - 2023-07-17 01:53:01 --> Too few arguments to function App\Controllers\Berkas::download(), 0 passed in D:\sopi\xampp\htdocs\ci-newss2\system\CodeIgniter.php on line 934 and exactly 1 expected
in APPPATH\Controllers\Berkas.php on line 62.
 1 SYSTEMPATH\CodeIgniter.php(934): App\Controllers\Berkas->download()
 2 SYSTEMPATH\CodeIgniter.php(499): CodeIgniter\CodeIgniter->runController()
 3 SYSTEMPATH\CodeIgniter.php(368): CodeIgniter\CodeIgniter->handleRequest()
 4 FCPATH\index.php(67): CodeIgniter\CodeIgniter->run()
 5 SYSTEMPATH\Commands\Server\rewrite.php(47): require_once('D:\\sopi\\xampp\\htdocs\\ci-newss2\\public\\index.php')
INFO - 2023-07-17 01:55:06 --> Session: Class initialized using 'CodeIgniter\Session\Handlers\FileHandler' driver.
CRITICAL - 2023-07-17 01:55:06 --> Attempt to read property "id_berkas" on array
in APPPATH\Views\view_berkas.php on line 70.
 1 APPPATH\Views\view_berkas.php(70): CodeIgniter\Debug\Exceptions->errorHandler()
 2 SYSTEMPATH\View\View.php(213): include('D:\\sopi\\xampp\\htdocs\\ci-newss2\\app\\Views\\view_berkas.php')
 3 SYSTEMPATH\View\View.php(216): CodeIgniter\View\View->CodeIgniter\View\{closure}()
 4 SYSTEMPATH\Common.php(1184): CodeIgniter\View\View->render()
 5 APPPATH\Controllers\Berkas.php(14): view()
 6 SYSTEMPATH\CodeIgniter.php(934): App\Controllers\Berkas->index()
 7 SYSTEMPATH\CodeIgniter.php(499): CodeIgniter\CodeIgniter->runController()
 8 SYSTEMPATH\CodeIgniter.php(368): CodeIgniter\CodeIgniter->handleRequest()
 9 FCPATH\index.php(67): CodeIgniter\CodeIgniter->run()
10 SYSTEMPATH\Commands\Server\rewrite.php(47): require_once('D:\\sopi\\xampp\\htdocs\\ci-newss2\\public\\index.php')
INFO - 2023-07-17 01:55:14 --> Session: Class initialized using 'CodeIgniter\Session\Handlers\FileHandler' driver.
CRITICAL - 2023-07-17 01:55:14 --> Attempt to read property "id_berkas" on array
in APPPATH\Views\view_berkas.php on line 70.
 1 APPPATH\Views\view_berkas.php(70): CodeIgniter\Debug\Exceptions->errorHandler()
 2 SYSTEMPATH\View\View.php(213): include('D:\\sopi\\xampp\\htdocs\\ci-newss2\\app\\Views\\view_berkas.php')
 3 SYSTEMPATH\View\View.php(216): CodeIgniter\View\View->CodeIgniter\View\{closure}()
 4 SYSTEMPATH\Common.php(1184): CodeIgniter\View\View->render()
 5 APPPATH\Controllers\Berkas.php(14): view()
 6 SYSTEMPATH\CodeIgniter.php(934): App\Controllers\Berkas->index()
 7 SYSTEMPATH\CodeIgniter.php(499): CodeIgniter\CodeIgniter->runController()
 8 SYSTEMPATH\CodeIgniter.php(368): CodeIgniter\CodeIgniter->handleRequest()
 9 FCPATH\index.php(67): CodeIgniter\CodeIgniter->run()
10 SYSTEMPATH\Commands\Server\rewrite.php(47): require_once('D:\\sopi\\xampp\\htdocs\\ci-newss2\\public\\index.php')
INFO - 2023-07-17 01:55:27 --> Session: Class initialized using 'CodeIgniter\Session\Handlers\FileHandler' driver.
CRITICAL - 2023-07-17 01:55:27 --> Attempt to read property "id_berkas" on array
in APPPATH\Views\view_berkas.php on line 70.
 1 APPPATH\Views\view_berkas.php(70): CodeIgniter\Debug\Exceptions->errorHandler()
 2 SYSTEMPATH\View\View.php(213): include('D:\\sopi\\xampp\\htdocs\\ci-newss2\\app\\Views\\view_berkas.php')
 3 SYSTEMPATH\View\View.php(216): CodeIgniter\View\View->CodeIgniter\View\{closure}()
 4 SYSTEMPATH\Common.php(1184): CodeIgniter\View\View->render()
 5 APPPATH\Controllers\Berkas.php(14): view()
 6 SYSTEMPATH\CodeIgniter.php(934): App\Controllers\Berkas->index()
 7 SYSTEMPATH\CodeIgniter.php(499): CodeIgniter\CodeIgniter->runController()
 8 SYSTEMPATH\CodeIgniter.php(368): CodeIgniter\CodeIgniter->handleRequest()
 9 FCPATH\index.php(67): CodeIgniter\CodeIgniter->run()
10 SYSTEMPATH\Commands\Server\rewrite.php(47): require_once('D:\\sopi\\xampp\\htdocs\\ci-newss2\\public\\index.php')
INFO - 2023-07-17 01:55:36 --> Session: Class initialized using 'CodeIgniter\Session\Handlers\FileHandler' driver.
CRITICAL - 2023-07-17 01:55:43 --> Too few arguments to function App\Controllers\Berkas::download(), 0 passed in D:\sopi\xampp\htdocs\ci-newss2\system\CodeIgniter.php on line 934 and exactly 1 expected
in APPPATH\Controllers\Berkas.php on line 62.
 1 SYSTEMPATH\CodeIgniter.php(934): App\Controllers\Berkas->download()
 2 SYSTEMPATH\CodeIgniter.php(499): CodeIgniter\CodeIgniter->runController()
 3 SYSTEMPATH\CodeIgniter.php(368): CodeIgniter\CodeIgniter->handleRequest()
 4 FCPATH\index.php(67): CodeIgniter\CodeIgniter->run()
 5 SYSTEMPATH\Commands\Server\rewrite.php(47): require_once('D:\\sopi\\xampp\\htdocs\\ci-newss2\\public\\index.php')
CRITICAL - 2023-07-17 01:56:50 --> Too few arguments to function App\Controllers\Berkas::download(), 0 passed in D:\sopi\xampp\htdocs\ci-newss2\system\CodeIgniter.php on line 934 and exactly 1 expected
in APPPATH\Controllers\Berkas.php on line 62.
 1 SYSTEMPATH\CodeIgniter.php(934): App\Controllers\Berkas->download()
 2 SYSTEMPATH\CodeIgniter.php(499): CodeIgniter\CodeIgniter->runController()
 3 SYSTEMPATH\CodeIgniter.php(368): CodeIgniter\CodeIgniter->handleRequest()
 4 FCPATH\index.php(67): CodeIgniter\CodeIgniter->run()
 5 SYSTEMPATH\Commands\Server\rewrite.php(47): require_once('D:\\sopi\\xampp\\htdocs\\ci-newss2\\public\\index.php')
INFO - 2023-07-17 01:56:54 --> Session: Class initialized using 'CodeIgniter\Session\Handlers\FileHandler' driver.
CRITICAL - 2023-07-17 01:56:55 --> Too few arguments to function App\Controllers\Berkas::download(), 0 passed in D:\sopi\xampp\htdocs\ci-newss2\system\CodeIgniter.php on line 934 and exactly 1 expected
in APPPATH\Controllers\Berkas.php on line 62.
 1 SYSTEMPATH\CodeIgniter.php(934): App\Controllers\Berkas->download()
 2 SYSTEMPATH\CodeIgniter.php(499): CodeIgniter\CodeIgniter->runController()
 3 SYSTEMPATH\CodeIgniter.php(368): CodeIgniter\CodeIgniter->handleRequest()
 4 FCPATH\index.php(67): CodeIgniter\CodeIgniter->run()
 5 SYSTEMPATH\Commands\Server\rewrite.php(47): require_once('D:\\sopi\\xampp\\htdocs\\ci-newss2\\public\\index.php')
INFO - 2023-07-17 02:07:25 --> Session: Class initialized using 'CodeIgniter\Session\Handlers\FileHandler' driver.
CRITICAL - 2023-07-17 02:07:25 --> Attempt to read property "id_berkas" on array
in APPPATH\Views\view_berkas.php on line 71.
 1 APPPATH\Views\view_berkas.php(71): CodeIgniter\Debug\Exceptions->errorHandler()
 2 SYSTEMPATH\View\View.php(213): include('D:\\sopi\\xampp\\htdocs\\ci-newss2\\app\\Views\\view_berkas.php')
 3 SYSTEMPATH\View\View.php(216): CodeIgniter\View\View->CodeIgniter\View\{closure}()
 4 SYSTEMPATH\Common.php(1184): CodeIgniter\View\View->render()
 5 APPPATH\Controllers\Berkas.php(14): view()
 6 SYSTEMPATH\CodeIgniter.php(934): App\Controllers\Berkas->index()
 7 SYSTEMPATH\CodeIgniter.php(499): CodeIgniter\CodeIgniter->runController()
 8 SYSTEMPATH\CodeIgniter.php(368): CodeIgniter\CodeIgniter->handleRequest()
 9 FCPATH\index.php(67): CodeIgniter\CodeIgniter->run()
10 SYSTEMPATH\Commands\Server\rewrite.php(47): require_once('D:\\sopi\\xampp\\htdocs\\ci-newss2\\public\\index.php')
INFO - 2023-07-17 02:08:05 --> Session: Class initialized using 'CodeIgniter\Session\Handlers\FileHandler' driver.
CRITICAL - 2023-07-17 02:08:07 --> Too few arguments to function App\Controllers\Berkas::download(), 0 passed in D:\sopi\xampp\htdocs\ci-newss2\system\CodeIgniter.php on line 934 and exactly 1 expected
in APPPATH\Controllers\Berkas.php on line 62.
 1 SYSTEMPATH\CodeIgniter.php(934): App\Controllers\Berkas->download()
 2 SYSTEMPATH\CodeIgniter.php(499): CodeIgniter\CodeIgniter->runController()
 3 SYSTEMPATH\CodeIgniter.php(368): CodeIgniter\CodeIgniter->handleRequest()
 4 FCPATH\index.php(67): CodeIgniter\CodeIgniter->run()
 5 SYSTEMPATH\Commands\Server\rewrite.php(47): require_once('D:\\sopi\\xampp\\htdocs\\ci-newss2\\public\\index.php')
CRITICAL - 2023-07-17 02:08:21 --> Too few arguments to function App\Controllers\Berkas::download(), 0 passed in D:\sopi\xampp\htdocs\ci-newss2\system\CodeIgniter.php on line 934 and exactly 1 expected
in APPPATH\Controllers\Berkas.php on line 62.
 1 SYSTEMPATH\CodeIgniter.php(934): App\Controllers\Berkas->download()
 2 SYSTEMPATH\CodeIgniter.php(499): CodeIgniter\CodeIgniter->runController()
 3 SYSTEMPATH\CodeIgniter.php(368): CodeIgniter\CodeIgniter->handleRequest()
 4 FCPATH\index.php(67): CodeIgniter\CodeIgniter->run()
 5 SYSTEMPATH\Commands\Server\rewrite.php(47): require_once('D:\\sopi\\xampp\\htdocs\\ci-newss2\\public\\index.php')
INFO - 2023-07-17 02:09:33 --> Session: Class initialized using 'CodeIgniter\Session\Handlers\FileHandler' driver.
CRITICAL - 2023-07-17 02:09:35 --> Too few arguments to function App\Controllers\Berkas::download(), 0 passed in D:\sopi\xampp\htdocs\ci-newss2\system\CodeIgniter.php on line 934 and exactly 1 expected
in APPPATH\Controllers\Berkas.php on line 62.
 1 SYSTEMPATH\CodeIgniter.php(934): App\Controllers\Berkas->download()
 2 SYSTEMPATH\CodeIgniter.php(499): CodeIgniter\CodeIgniter->runController()
 3 SYSTEMPATH\CodeIgniter.php(368): CodeIgniter\CodeIgniter->handleRequest()
 4 FCPATH\index.php(67): CodeIgniter\CodeIgniter->run()
 5 SYSTEMPATH\Commands\Server\rewrite.php(47): require_once('D:\\sopi\\xampp\\htdocs\\ci-newss2\\public\\index.php')
INFO - 2023-07-17 02:49:50 --> Session: Class initialized using 'CodeIgniter\Session\Handlers\FileHandler' driver.
CRITICAL - 2023-07-17 02:49:53 --> Too few arguments to function App\Controllers\Berkas::download(), 0 passed in D:\sopi\xampp\htdocs\ci-newss2\system\CodeIgniter.php on line 934 and exactly 1 expected
in APPPATH\Controllers\Berkas.php on line 62.
 1 SYSTEMPATH\CodeIgniter.php(934): App\Controllers\Berkas->download()
 2 SYSTEMPATH\CodeIgniter.php(499): CodeIgniter\CodeIgniter->runController()
 3 SYSTEMPATH\CodeIgniter.php(368): CodeIgniter\CodeIgniter->handleRequest()
 4 FCPATH\index.php(67): CodeIgniter\CodeIgniter->run()
 5 SYSTEMPATH\Commands\Server\rewrite.php(47): require_once('D:\\sopi\\xampp\\htdocs\\ci-newss2\\public\\index.php')
CRITICAL - 2023-07-17 02:52:15 --> Too few arguments to function App\Controllers\Berkas::download(), 0 passed in D:\sopi\xampp\htdocs\ci-newss2\system\CodeIgniter.php on line 934 and exactly 1 expected
in APPPATH\Controllers\Berkas.php on line 62.
 1 SYSTEMPATH\CodeIgniter.php(934): App\Controllers\Berkas->download()
 2 SYSTEMPATH\CodeIgniter.php(499): CodeIgniter\CodeIgniter->runController()
 3 SYSTEMPATH\CodeIgniter.php(368): CodeIgniter\CodeIgniter->handleRequest()
 4 FCPATH\index.php(67): CodeIgniter\CodeIgniter->run()
 5 SYSTEMPATH\Commands\Server\rewrite.php(47): require_once('D:\\sopi\\xampp\\htdocs\\ci-newss2\\public\\index.php')
INFO - 2023-07-17 02:52:19 --> Session: Class initialized using 'CodeIgniter\Session\Handlers\FileHandler' driver.
CRITICAL - 2023-07-17 02:52:21 --> Too few arguments to function App\Controllers\Berkas::download(), 0 passed in D:\sopi\xampp\htdocs\ci-newss2\system\CodeIgniter.php on line 934 and exactly 1 expected
in APPPATH\Controllers\Berkas.php on line 62.
 1 SYSTEMPATH\CodeIgniter.php(934): App\Controllers\Berkas->download()
 2 SYSTEMPATH\CodeIgniter.php(499): CodeIgniter\CodeIgniter->runController()
 3 SYSTEMPATH\CodeIgniter.php(368): CodeIgniter\CodeIgniter->handleRequest()
 4 FCPATH\index.php(67): CodeIgniter\CodeIgniter->run()
 5 SYSTEMPATH\Commands\Server\rewrite.php(47): require_once('D:\\sopi\\xampp\\htdocs\\ci-newss2\\public\\index.php')
INFO - 2023-07-17 02:53:42 --> Session: Class initialized using 'CodeIgniter\Session\Handlers\FileHandler' driver.
CRITICAL - 2023-07-17 02:53:44 --> Too few arguments to function App\Controllers\Berkas::download(), 0 passed in D:\sopi\xampp\htdocs\ci-newss2\system\CodeIgniter.php on line 934 and exactly 1 expected
in APPPATH\Controllers\Berkas.php on line 62.
 1 SYSTEMPATH\CodeIgniter.php(934): App\Controllers\Berkas->download()
 2 SYSTEMPATH\CodeIgniter.php(499): CodeIgniter\CodeIgniter->runController()
 3 SYSTEMPATH\CodeIgniter.php(368): CodeIgniter\CodeIgniter->handleRequest()
 4 FCPATH\index.php(67): CodeIgniter\CodeIgniter->run()
 5 SYSTEMPATH\Commands\Server\rewrite.php(47): require_once('D:\\sopi\\xampp\\htdocs\\ci-newss2\\public\\index.php')
INFO - 2023-07-17 02:57:25 --> Session: Class initialized using 'CodeIgniter\Session\Handlers\FileHandler' driver.
CRITICAL - 2023-07-17 02:57:33 --> Too few arguments to function App\Controllers\Berkas::download(), 0 passed in D:\sopi\xampp\htdocs\ci-newss2\system\CodeIgniter.php on line 934 and exactly 1 expected
in APPPATH\Controllers\Berkas.php on line 62.
 1 SYSTEMPATH\CodeIgniter.php(934): App\Controllers\Berkas->download()
 2 SYSTEMPATH\CodeIgniter.php(499): CodeIgniter\CodeIgniter->runController()
 3 SYSTEMPATH\CodeIgniter.php(368): CodeIgniter\CodeIgniter->handleRequest()
 4 FCPATH\index.php(67): CodeIgniter\CodeIgniter->run()
 5 SYSTEMPATH\Commands\Server\rewrite.php(47): require_once('D:\\sopi\\xampp\\htdocs\\ci-newss2\\public\\index.php')
INFO - 2023-07-17 02:57:43 --> Session: Class initialized using 'CodeIgniter\Session\Handlers\FileHandler' driver.
CRITICAL - 2023-07-17 02:57:45 --> Too few arguments to function App\Controllers\Berkas::download(), 0 passed in D:\sopi\xampp\htdocs\ci-newss2\system\CodeIgniter.php on line 934 and exactly 1 expected
in APPPATH\Controllers\Berkas.php on line 62.
 1 SYSTEMPATH\CodeIgniter.php(934): App\Controllers\Berkas->download()
 2 SYSTEMPATH\CodeIgniter.php(499): CodeIgniter\CodeIgniter->runController()
 3 SYSTEMPATH\CodeIgniter.php(368): CodeIgniter\CodeIgniter->handleRequest()
 4 FCPATH\index.php(67): CodeIgniter\CodeIgniter->run()
 5 SYSTEMPATH\Commands\Server\rewrite.php(47): require_once('D:\\sopi\\xampp\\htdocs\\ci-newss2\\public\\index.php')
INFO - 2023-07-17 03:00:45 --> Session: Class initialized using 'CodeIgniter\Session\Handlers\FileHandler' driver.
CRITICAL - 2023-07-17 03:01:18 --> Too few arguments to function App\Controllers\Berkas::download(), 0 passed in D:\sopi\xampp\htdocs\ci-newss2\system\CodeIgniter.php on line 934 and exactly 1 expected
in APPPATH\Controllers\Berkas.php on line 62.
 1 SYSTEMPATH\CodeIgniter.php(934): App\Controllers\Berkas->download()
 2 SYSTEMPATH\CodeIgniter.php(499): CodeIgniter\CodeIgniter->runController()
 3 SYSTEMPATH\CodeIgniter.php(368): CodeIgniter\CodeIgniter->handleRequest()
 4 FCPATH\index.php(67): CodeIgniter\CodeIgniter->run()
 5 SYSTEMPATH\Commands\Server\rewrite.php(47): require_once('D:\\sopi\\xampp\\htdocs\\ci-newss2\\public\\index.php')
INFO - 2023-07-17 03:10:35 --> Session: Class initialized using 'CodeIgniter\Session\Handlers\FileHandler' driver.
CRITICAL - 2023-07-17 03:10:35 --> Attempt to read property "id_berkas" on array
in APPPATH\Views\view_berkas.php on line 70.
 1 APPPATH\Views\view_berkas.php(70): CodeIgniter\Debug\Exceptions->errorHandler()
 2 SYSTEMPATH\View\View.php(213): include('D:\\sopi\\xampp\\htdocs\\ci-newss2\\app\\Views\\view_berkas.php')
 3 SYSTEMPATH\View\View.php(216): CodeIgniter\View\View->CodeIgniter\View\{closure}()
 4 SYSTEMPATH\Common.php(1184): CodeIgniter\View\View->render()
 5 APPPATH\Controllers\Berkas.php(14): view()
 6 SYSTEMPATH\CodeIgniter.php(934): App\Controllers\Berkas->index()
 7 SYSTEMPATH\CodeIgniter.php(499): CodeIgniter\CodeIgniter->runController()
 8 SYSTEMPATH\CodeIgniter.php(368): CodeIgniter\CodeIgniter->handleRequest()
 9 FCPATH\index.php(67): CodeIgniter\CodeIgniter->run()
10 SYSTEMPATH\Commands\Server\rewrite.php(47): require_once('D:\\sopi\\xampp\\htdocs\\ci-newss2\\public\\index.php')
INFO - 2023-07-17 03:11:19 --> Session: Class initialized using 'CodeIgniter\Session\Handlers\FileHandler' driver.
CRITICAL - 2023-07-17 03:11:19 --> Attempt to read property "id_berkas" on array
in APPPATH\Views\view_berkas.php on line 70.
 1 APPPATH\Views\view_berkas.php(70): CodeIgniter\Debug\Exceptions->errorHandler()
 2 SYSTEMPATH\View\View.php(213): include('D:\\sopi\\xampp\\htdocs\\ci-newss2\\app\\Views\\view_berkas.php')
 3 SYSTEMPATH\View\View.php(216): CodeIgniter\View\View->CodeIgniter\View\{closure}()
 4 SYSTEMPATH\Common.php(1184): CodeIgniter\View\View->render()
 5 APPPATH\Controllers\Berkas.php(14): view()
 6 SYSTEMPATH\CodeIgniter.php(934): App\Controllers\Berkas->index()
 7 SYSTEMPATH\CodeIgniter.php(499): CodeIgniter\CodeIgniter->runController()
 8 SYSTEMPATH\CodeIgniter.php(368): CodeIgniter\CodeIgniter->handleRequest()
 9 FCPATH\index.php(67): CodeIgniter\CodeIgniter->run()
10 SYSTEMPATH\Commands\Server\rewrite.php(47): require_once('D:\\sopi\\xampp\\htdocs\\ci-newss2\\public\\index.php')
INFO - 2023-07-17 03:11:54 --> Session: Class initialized using 'CodeIgniter\Session\Handlers\FileHandler' driver.
CRITICAL - 2023-07-17 03:11:56 --> Too few arguments to function App\Controllers\Berkas::download(), 0 passed in D:\sopi\xampp\htdocs\ci-newss2\system\CodeIgniter.php on line 934 and exactly 1 expected
in APPPATH\Controllers\Berkas.php on line 62.
 1 SYSTEMPATH\CodeIgniter.php(934): App\Controllers\Berkas->download()
 2 SYSTEMPATH\CodeIgniter.php(499): CodeIgniter\CodeIgniter->runController()
 3 SYSTEMPATH\CodeIgniter.php(368): CodeIgniter\CodeIgniter->handleRequest()
 4 FCPATH\index.php(67): CodeIgniter\CodeIgniter->run()
 5 SYSTEMPATH\Commands\Server\rewrite.php(47): require_once('D:\\sopi\\xampp\\htdocs\\ci-newss2\\public\\index.php')
