ERROR - 2023-06-19 01:27:32 --> Error connecting to the database: mysqli_sql_exception: Unknown database 'ci_newss' in D:\Dania\PENS\cooleyah\Semester 6\Kerja Praktek\Web\newest\ci-newss\system\Database\MySQLi\Connection.php:173
Stack trace:
#0 D:\Dania\PENS\cooleyah\Semester 6\Kerja Praktek\Web\newest\ci-newss\system\Database\MySQLi\Connection.php(173): mysqli->real_connect('localhost', 'root', Object(SensitiveParameterValue), 'ci_newss', 3306, '', 0)
#1 D:\Dania\PENS\cooleyah\Semester 6\Kerja Praktek\Web\newest\ci-newss\system\Database\BaseConnection.php(391): CodeIgniter\Database\MySQLi\Connection->connect(false)
#2 D:\Dania\PENS\cooleyah\Semester 6\Kerja Praktek\Web\newest\ci-newss\system\Database\BaseConnection.php(574): CodeIgniter\Database\BaseConnection->initialize()
#3 D:\Dania\PENS\cooleyah\Semester 6\Kerja Praktek\Web\newest\ci-newss\system\Database\BaseBuilder.php(1616): CodeIgniter\Database\BaseConnection->query('SELECT *\nFROM `...', Array, false)
#4 D:\Dania\PENS\cooleyah\Semester 6\Kerja Praktek\Web\newest\ci-newss\system\Model.php(241): CodeIgniter\Database\BaseBuilder->get()
#5 D:\Dania\PENS\cooleyah\Semester 6\Kerja Praktek\Web\newest\ci-newss\system\BaseModel.php(618): CodeIgniter\Model->doFindAll(0, 0)
#6 D:\Dania\PENS\cooleyah\Semester 6\Kerja Praktek\Web\newest\ci-newss\app\Controllers\News.php(19): CodeIgniter\BaseModel->findAll()
#7 D:\Dania\PENS\cooleyah\Semester 6\Kerja Praktek\Web\newest\ci-newss\system\CodeIgniter.php(934): App\Controllers\News->index()
#8 D:\Dania\PENS\cooleyah\Semester 6\Kerja Praktek\Web\newest\ci-newss\system\CodeIgniter.php(499): CodeIgniter\CodeIgniter->runController(Object(App\Controllers\News))
#9 D:\Dania\PENS\cooleyah\Semester 6\Kerja Praktek\Web\newest\ci-newss\system\CodeIgniter.php(368): CodeIgniter\CodeIgniter->handleRequest(NULL, Object(Config\Cache), false)
#10 D:\Dania\PENS\cooleyah\Semester 6\Kerja Praktek\Web\newest\ci-newss\public\index.php(67): CodeIgniter\CodeIgniter->run()
#11 D:\Dania\PENS\cooleyah\Semester 6\Kerja Praktek\Web\newest\ci-newss\system\Commands\Server\rewrite.php(47): require_once('D:\\Dania\\PENS\\c...')
#12 {main}

Next CodeIgniter\Database\Exceptions\DatabaseException: Unknown database 'ci_newss' in D:\Dania\PENS\cooleyah\Semester 6\Kerja Praktek\Web\newest\ci-newss\system\Database\MySQLi\Connection.php:218
Stack trace:
#0 D:\Dania\PENS\cooleyah\Semester 6\Kerja Praktek\Web\newest\ci-newss\system\Database\BaseConnection.php(391): CodeIgniter\Database\MySQLi\Connection->connect(false)
#1 D:\Dania\PENS\cooleyah\Semester 6\Kerja Praktek\Web\newest\ci-newss\system\Database\BaseConnection.php(574): CodeIgniter\Database\BaseConnection->initialize()
#2 D:\Dania\PENS\cooleyah\Semester 6\Kerja Praktek\Web\newest\ci-newss\system\Database\BaseBuilder.php(1616): CodeIgniter\Database\BaseConnection->query('SELECT *\nFROM `...', Array, false)
#3 D:\Dania\PENS\cooleyah\Semester 6\Kerja Praktek\Web\newest\ci-newss\system\Model.php(241): CodeIgniter\Database\BaseBuilder->get()
#4 D:\Dania\PENS\cooleyah\Semester 6\Kerja Praktek\Web\newest\ci-newss\system\BaseModel.php(618): CodeIgniter\Model->doFindAll(0, 0)
#5 D:\Dania\PENS\cooleyah\Semester 6\Kerja Praktek\Web\newest\ci-newss\app\Controllers\News.php(19): CodeIgniter\BaseModel->findAll()
#6 D:\Dania\PENS\cooleyah\Semester 6\Kerja Praktek\Web\newest\ci-newss\system\CodeIgniter.php(934): App\Controllers\News->index()
#7 D:\Dania\PENS\cooleyah\Semester 6\Kerja Praktek\Web\newest\ci-newss\system\CodeIgniter.php(499): CodeIgniter\CodeIgniter->runController(Object(App\Controllers\News))
#8 D:\Dania\PENS\cooleyah\Semester 6\Kerja Praktek\Web\newest\ci-newss\system\CodeIgniter.php(368): CodeIgniter\CodeIgniter->handleRequest(NULL, Object(Config\Cache), false)
#9 D:\Dania\PENS\cooleyah\Semester 6\Kerja Praktek\Web\newest\ci-newss\public\index.php(67): CodeIgniter\CodeIgniter->run()
#10 D:\Dania\PENS\cooleyah\Semester 6\Kerja Praktek\Web\newest\ci-newss\system\Commands\Server\rewrite.php(47): require_once('D:\\Dania\\PENS\\c...')
#11 {main}
CRITICAL - 2023-06-19 01:27:32 --> Unable to connect to the database.
Main connection [MySQLi]: Unknown database 'ci_newss'
in SYSTEMPATH\Database\BaseConnection.php on line 427.
 1 SYSTEMPATH\Database\BaseConnection.php(574): CodeIgniter\Database\BaseConnection->initialize()
 2 SYSTEMPATH\Database\BaseBuilder.php(1616): CodeIgniter\Database\BaseConnection->query('SELECT *
FROM `news`
WHERE `status` = :status:', [...], false)
 3 SYSTEMPATH\Model.php(241): CodeIgniter\Database\BaseBuilder->get()
 4 SYSTEMPATH\BaseModel.php(618): CodeIgniter\Model->doFindAll(0, 0)
 5 APPPATH\Controllers\News.php(19): CodeIgniter\BaseModel->findAll()
 6 SYSTEMPATH\CodeIgniter.php(934): App\Controllers\News->index()
 7 SYSTEMPATH\CodeIgniter.php(499): CodeIgniter\CodeIgniter->runController(Object(App\Controllers\News))
 8 SYSTEMPATH\CodeIgniter.php(368): CodeIgniter\CodeIgniter->handleRequest(null, Object(Config\Cache), false)
 9 FCPATH\index.php(67): CodeIgniter\CodeIgniter->run()
10 SYSTEMPATH\Commands\Server\rewrite.php(47): require_once('D:\\Dania\\PENS\\cooleyah\\Semester 6\\Kerja Praktek\\Web\\newest\\ci-newss\\public\\index.php')
ERROR - 2023-06-19 01:27:59 --> Error connecting to the database: mysqli_sql_exception: Unknown database 'ci_newss' in D:\Dania\PENS\cooleyah\Semester 6\Kerja Praktek\Web\newest\ci-newss\system\Database\MySQLi\Connection.php:173
Stack trace:
#0 D:\Dania\PENS\cooleyah\Semester 6\Kerja Praktek\Web\newest\ci-newss\system\Database\MySQLi\Connection.php(173): mysqli->real_connect('localhost', 'root', Object(SensitiveParameterValue), 'ci_newss', 3306, '', 0)
#1 D:\Dania\PENS\cooleyah\Semester 6\Kerja Praktek\Web\newest\ci-newss\system\Database\BaseConnection.php(391): CodeIgniter\Database\MySQLi\Connection->connect(false)
#2 D:\Dania\PENS\cooleyah\Semester 6\Kerja Praktek\Web\newest\ci-newss\system\Database\BaseConnection.php(574): CodeIgniter\Database\BaseConnection->initialize()
#3 D:\Dania\PENS\cooleyah\Semester 6\Kerja Praktek\Web\newest\ci-newss\system\Database\BaseBuilder.php(1616): CodeIgniter\Database\BaseConnection->query('SELECT *\nFROM `...', Array, false)
#4 D:\Dania\PENS\cooleyah\Semester 6\Kerja Praktek\Web\newest\ci-newss\system\Model.php(241): CodeIgniter\Database\BaseBuilder->get()
#5 D:\Dania\PENS\cooleyah\Semester 6\Kerja Praktek\Web\newest\ci-newss\system\BaseModel.php(618): CodeIgniter\Model->doFindAll(0, 0)
#6 D:\Dania\PENS\cooleyah\Semester 6\Kerja Praktek\Web\newest\ci-newss\app\Controllers\News.php(19): CodeIgniter\BaseModel->findAll()
#7 D:\Dania\PENS\cooleyah\Semester 6\Kerja Praktek\Web\newest\ci-newss\system\CodeIgniter.php(934): App\Controllers\News->index()
#8 D:\Dania\PENS\cooleyah\Semester 6\Kerja Praktek\Web\newest\ci-newss\system\CodeIgniter.php(499): CodeIgniter\CodeIgniter->runController(Object(App\Controllers\News))
#9 D:\Dania\PENS\cooleyah\Semester 6\Kerja Praktek\Web\newest\ci-newss\system\CodeIgniter.php(368): CodeIgniter\CodeIgniter->handleRequest(NULL, Object(Config\Cache), false)
#10 D:\Dania\PENS\cooleyah\Semester 6\Kerja Praktek\Web\newest\ci-newss\public\index.php(67): CodeIgniter\CodeIgniter->run()
#11 D:\Dania\PENS\cooleyah\Semester 6\Kerja Praktek\Web\newest\ci-newss\system\Commands\Server\rewrite.php(47): require_once('D:\\Dania\\PENS\\c...')
#12 {main}

Next CodeIgniter\Database\Exceptions\DatabaseException: Unknown database 'ci_newss' in D:\Dania\PENS\cooleyah\Semester 6\Kerja Praktek\Web\newest\ci-newss\system\Database\MySQLi\Connection.php:218
Stack trace:
#0 D:\Dania\PENS\cooleyah\Semester 6\Kerja Praktek\Web\newest\ci-newss\system\Database\BaseConnection.php(391): CodeIgniter\Database\MySQLi\Connection->connect(false)
#1 D:\Dania\PENS\cooleyah\Semester 6\Kerja Praktek\Web\newest\ci-newss\system\Database\BaseConnection.php(574): CodeIgniter\Database\BaseConnection->initialize()
#2 D:\Dania\PENS\cooleyah\Semester 6\Kerja Praktek\Web\newest\ci-newss\system\Database\BaseBuilder.php(1616): CodeIgniter\Database\BaseConnection->query('SELECT *\nFROM `...', Array, false)
#3 D:\Dania\PENS\cooleyah\Semester 6\Kerja Praktek\Web\newest\ci-newss\system\Model.php(241): CodeIgniter\Database\BaseBuilder->get()
#4 D:\Dania\PENS\cooleyah\Semester 6\Kerja Praktek\Web\newest\ci-newss\system\BaseModel.php(618): CodeIgniter\Model->doFindAll(0, 0)
#5 D:\Dania\PENS\cooleyah\Semester 6\Kerja Praktek\Web\newest\ci-newss\app\Controllers\News.php(19): CodeIgniter\BaseModel->findAll()
#6 D:\Dania\PENS\cooleyah\Semester 6\Kerja Praktek\Web\newest\ci-newss\system\CodeIgniter.php(934): App\Controllers\News->index()
#7 D:\Dania\PENS\cooleyah\Semester 6\Kerja Praktek\Web\newest\ci-newss\system\CodeIgniter.php(499): CodeIgniter\CodeIgniter->runController(Object(App\Controllers\News))
#8 D:\Dania\PENS\cooleyah\Semester 6\Kerja Praktek\Web\newest\ci-newss\system\CodeIgniter.php(368): CodeIgniter\CodeIgniter->handleRequest(NULL, Object(Config\Cache), false)
#9 D:\Dania\PENS\cooleyah\Semester 6\Kerja Praktek\Web\newest\ci-newss\public\index.php(67): CodeIgniter\CodeIgniter->run()
#10 D:\Dania\PENS\cooleyah\Semester 6\Kerja Praktek\Web\newest\ci-newss\system\Commands\Server\rewrite.php(47): require_once('D:\\Dania\\PENS\\c...')
#11 {main}
CRITICAL - 2023-06-19 01:27:59 --> Unable to connect to the database.
Main connection [MySQLi]: Unknown database 'ci_newss'
in SYSTEMPATH\Database\BaseConnection.php on line 427.
 1 SYSTEMPATH\Database\BaseConnection.php(574): CodeIgniter\Database\BaseConnection->initialize()
 2 SYSTEMPATH\Database\BaseBuilder.php(1616): CodeIgniter\Database\BaseConnection->query('SELECT *
FROM `news`
WHERE `status` = :status:', [...], false)
 3 SYSTEMPATH\Model.php(241): CodeIgniter\Database\BaseBuilder->get()
 4 SYSTEMPATH\BaseModel.php(618): CodeIgniter\Model->doFindAll(0, 0)
 5 APPPATH\Controllers\News.php(19): CodeIgniter\BaseModel->findAll()
 6 SYSTEMPATH\CodeIgniter.php(934): App\Controllers\News->index()
 7 SYSTEMPATH\CodeIgniter.php(499): CodeIgniter\CodeIgniter->runController(Object(App\Controllers\News))
 8 SYSTEMPATH\CodeIgniter.php(368): CodeIgniter\CodeIgniter->handleRequest(null, Object(Config\Cache), false)
 9 FCPATH\index.php(67): CodeIgniter\CodeIgniter->run()
10 SYSTEMPATH\Commands\Server\rewrite.php(47): require_once('D:\\Dania\\PENS\\cooleyah\\Semester 6\\Kerja Praktek\\Web\\newest\\ci-newss\\public\\index.php')
CRITICAL - 2023-06-19 02:53:13 --> Undefined variable $ci
in APPPATH\Views\news.php on line 108.
 1 APPPATH\Views\news.php(108): CodeIgniter\Debug\Exceptions->errorHandler(2, 'Undefined variable $ci', 'D:\\Dania\\PENS\\cooleyah\\Semester 6\\Kerja Praktek\\Web\\newest\\ci-newss\\app\\Views\\news.php', 108)
 2 SYSTEMPATH\View\View.php(213): include('D:\\Dania\\PENS\\cooleyah\\Semester 6\\Kerja Praktek\\Web\\newest\\ci-newss\\app\\Views\\news.php')
 3 SYSTEMPATH\View\View.php(216): CodeIgniter\View\View->CodeIgniter\View\{closure}()
 4 SYSTEMPATH\Common.php(1184): CodeIgniter\View\View->render('news', [], true)
 5 APPPATH\Controllers\News.php(22): view('news', [...])
 6 SYSTEMPATH\CodeIgniter.php(934): App\Controllers\News->index()
 7 SYSTEMPATH\CodeIgniter.php(499): CodeIgniter\CodeIgniter->runController(Object(App\Controllers\News))
 8 SYSTEMPATH\CodeIgniter.php(368): CodeIgniter\CodeIgniter->handleRequest(null, Object(Config\Cache), false)
 9 FCPATH\index.php(67): CodeIgniter\CodeIgniter->run()
10 SYSTEMPATH\Commands\Server\rewrite.php(47): require_once('D:\\Dania\\PENS\\cooleyah\\Semester 6\\Kerja Praktek\\Web\\newest\\ci-newss\\public\\index.php')
CRITICAL - 2023-06-19 03:34:13 --> syntax error, unexpected end of file
in APPPATH\Views\news.php on line 171.
 1 SYSTEMPATH\View\View.php(216): CodeIgniter\View\View->CodeIgniter\View\{closure}()
 2 SYSTEMPATH\Common.php(1184): CodeIgniter\View\View->render('news', [], true)
 3 APPPATH\Controllers\News.php(22): view('news', [...])
 4 SYSTEMPATH\CodeIgniter.php(934): App\Controllers\News->index()
 5 SYSTEMPATH\CodeIgniter.php(499): CodeIgniter\CodeIgniter->runController(Object(App\Controllers\News))
 6 SYSTEMPATH\CodeIgniter.php(368): CodeIgniter\CodeIgniter->handleRequest(null, Object(Config\Cache), false)
 7 FCPATH\index.php(67): CodeIgniter\CodeIgniter->run()
 8 SYSTEMPATH\Commands\Server\rewrite.php(47): require_once('D:\\Dania\\PENS\\cooleyah\\Semester 6\\Kerja Praktek\\Web\\newest\\ci-newss\\public\\index.php')
ERROR - 2023-06-19 04:07:41 --> Error connecting to the database: mysqli_sql_exception: Unknown database 'ci' in D:\sopi\xampp\htdocs\ci-newss2\system\Database\MySQLi\Connection.php:173
Stack trace:
#0 D:\sopi\xampp\htdocs\ci-newss2\system\Database\MySQLi\Connection.php(173): mysqli->real_connect()
#1 D:\sopi\xampp\htdocs\ci-newss2\system\Database\BaseConnection.php(391): CodeIgniter\Database\MySQLi\Connection->connect()
#2 D:\sopi\xampp\htdocs\ci-newss2\system\Database\BaseConnection.php(574): CodeIgniter\Database\BaseConnection->initialize()
#3 D:\sopi\xampp\htdocs\ci-newss2\system\Database\BaseBuilder.php(1616): CodeIgniter\Database\BaseConnection->query()
#4 D:\sopi\xampp\htdocs\ci-newss2\system\Model.php(241): CodeIgniter\Database\BaseBuilder->get()
#5 D:\sopi\xampp\htdocs\ci-newss2\system\BaseModel.php(618): CodeIgniter\Model->doFindAll()
#6 D:\sopi\xampp\htdocs\ci-newss2\app\Controllers\News.php(19): CodeIgniter\BaseModel->findAll()
#7 D:\sopi\xampp\htdocs\ci-newss2\system\CodeIgniter.php(934): App\Controllers\News->index()
#8 D:\sopi\xampp\htdocs\ci-newss2\system\CodeIgniter.php(499): CodeIgniter\CodeIgniter->runController()
#9 D:\sopi\xampp\htdocs\ci-newss2\system\CodeIgniter.php(368): CodeIgniter\CodeIgniter->handleRequest()
#10 D:\sopi\xampp\htdocs\ci-newss2\public\index.php(67): CodeIgniter\CodeIgniter->run()
#11 D:\sopi\xampp\htdocs\ci-newss2\system\Commands\Server\rewrite.php(47): require_once('...')
#12 {main}

Next CodeIgniter\Database\Exceptions\DatabaseException: Unknown database 'ci' in D:\sopi\xampp\htdocs\ci-newss2\system\Database\MySQLi\Connection.php:218
Stack trace:
#0 D:\sopi\xampp\htdocs\ci-newss2\system\Database\BaseConnection.php(391): CodeIgniter\Database\MySQLi\Connection->connect()
#1 D:\sopi\xampp\htdocs\ci-newss2\system\Database\BaseConnection.php(574): CodeIgniter\Database\BaseConnection->initialize()
#2 D:\sopi\xampp\htdocs\ci-newss2\system\Database\BaseBuilder.php(1616): CodeIgniter\Database\BaseConnection->query()
#3 D:\sopi\xampp\htdocs\ci-newss2\system\Model.php(241): CodeIgniter\Database\BaseBuilder->get()
#4 D:\sopi\xampp\htdocs\ci-newss2\system\BaseModel.php(618): CodeIgniter\Model->doFindAll()
#5 D:\sopi\xampp\htdocs\ci-newss2\app\Controllers\News.php(19): CodeIgniter\BaseModel->findAll()
#6 D:\sopi\xampp\htdocs\ci-newss2\system\CodeIgniter.php(934): App\Controllers\News->index()
#7 D:\sopi\xampp\htdocs\ci-newss2\system\CodeIgniter.php(499): CodeIgniter\CodeIgniter->runController()
#8 D:\sopi\xampp\htdocs\ci-newss2\system\CodeIgniter.php(368): CodeIgniter\CodeIgniter->handleRequest()
#9 D:\sopi\xampp\htdocs\ci-newss2\public\index.php(67): CodeIgniter\CodeIgniter->run()
#10 D:\sopi\xampp\htdocs\ci-newss2\system\Commands\Server\rewrite.php(47): require_once('...')
#11 {main}
CRITICAL - 2023-06-19 04:07:41 --> Unable to connect to the database.
Main connection [MySQLi]: Unknown database 'ci'
in SYSTEMPATH\Database\BaseConnection.php on line 427.
 1 SYSTEMPATH\Database\BaseConnection.php(574): CodeIgniter\Database\BaseConnection->initialize()
 2 SYSTEMPATH\Database\BaseBuilder.php(1616): CodeIgniter\Database\BaseConnection->query()
 3 SYSTEMPATH\Model.php(241): CodeIgniter\Database\BaseBuilder->get()
 4 SYSTEMPATH\BaseModel.php(618): CodeIgniter\Model->doFindAll()
 5 APPPATH\Controllers\News.php(19): CodeIgniter\BaseModel->findAll()
 6 SYSTEMPATH\CodeIgniter.php(934): App\Controllers\News->index()
 7 SYSTEMPATH\CodeIgniter.php(499): CodeIgniter\CodeIgniter->runController()
 8 SYSTEMPATH\CodeIgniter.php(368): CodeIgniter\CodeIgniter->handleRequest()
 9 FCPATH\index.php(67): CodeIgniter\CodeIgniter->run()
10 SYSTEMPATH\Commands\Server\rewrite.php(47): require_once('D:\\sopi\\xampp\\htdocs\\ci-newss2\\public\\index.php')
CRITICAL - 2023-06-19 04:24:43 --> syntax error, unexpected end of file
in APPPATH\Views\news.php on line 148.
 1 SYSTEMPATH\View\View.php(216): CodeIgniter\View\View->CodeIgniter\View\{closure}()
 2 SYSTEMPATH\Common.php(1184): CodeIgniter\View\View->render()
 3 APPPATH\Controllers\News.php(22): view()
 4 SYSTEMPATH\CodeIgniter.php(934): App\Controllers\News->index()
 5 SYSTEMPATH\CodeIgniter.php(499): CodeIgniter\CodeIgniter->runController()
 6 SYSTEMPATH\CodeIgniter.php(368): CodeIgniter\CodeIgniter->handleRequest()
 7 FCPATH\index.php(67): CodeIgniter\CodeIgniter->run()
 8 SYSTEMPATH\Commands\Server\rewrite.php(47): require_once('D:\\sopi\\xampp\\htdocs\\ci-newss2\\public\\index.php')
