ERROR - 2023-07-11 01:26:27 --> Error connecting to the database: mysqli_sql_exception: No connection could be made because the target machine actively refused it in D:\sopi\xampp\htdocs\ci-newss2\system\Database\MySQLi\Connection.php:173
Stack trace:
#0 D:\sopi\xampp\htdocs\ci-newss2\system\Database\MySQLi\Connection.php(173): mysqli->real_connect()
#1 D:\sopi\xampp\htdocs\ci-newss2\system\Database\BaseConnection.php(391): CodeIgniter\Database\MySQLi\Connection->connect()
#2 D:\sopi\xampp\htdocs\ci-newss2\system\Database\BaseConnection.php(574): CodeIgniter\Database\BaseConnection->initialize()
#3 D:\sopi\xampp\htdocs\ci-newss2\system\Database\BaseBuilder.php(1616): CodeIgniter\Database\BaseConnection->query()
#4 D:\sopi\xampp\htdocs\ci-newss2\system\Model.php(241): CodeIgniter\Database\BaseBuilder->get()
#5 D:\sopi\xampp\htdocs\ci-newss2\system\BaseModel.php(618): CodeIgniter\Model->doFindAll()
#6 D:\sopi\xampp\htdocs\ci-newss2\app\Controllers\NewsAdmin.php(11): CodeIgniter\BaseModel->findAll()
#7 D:\sopi\xampp\htdocs\ci-newss2\system\CodeIgniter.php(934): App\Controllers\NewsAdmin->index()
#8 D:\sopi\xampp\htdocs\ci-newss2\system\CodeIgniter.php(499): CodeIgniter\CodeIgniter->runController()
#9 D:\sopi\xampp\htdocs\ci-newss2\system\CodeIgniter.php(368): CodeIgniter\CodeIgniter->handleRequest()
#10 D:\sopi\xampp\htdocs\ci-newss2\public\index.php(67): CodeIgniter\CodeIgniter->run()
#11 D:\sopi\xampp\htdocs\ci-newss2\system\Commands\Server\rewrite.php(47): require_once('...')
#12 {main}

Next CodeIgniter\Database\Exceptions\DatabaseException: No connection could be made because the target machine actively refused it in D:\sopi\xampp\htdocs\ci-newss2\system\Database\MySQLi\Connection.php:218
Stack trace:
#0 D:\sopi\xampp\htdocs\ci-newss2\system\Database\BaseConnection.php(391): CodeIgniter\Database\MySQLi\Connection->connect()
#1 D:\sopi\xampp\htdocs\ci-newss2\system\Database\BaseConnection.php(574): CodeIgniter\Database\BaseConnection->initialize()
#2 D:\sopi\xampp\htdocs\ci-newss2\system\Database\BaseBuilder.php(1616): CodeIgniter\Database\BaseConnection->query()
#3 D:\sopi\xampp\htdocs\ci-newss2\system\Model.php(241): CodeIgniter\Database\BaseBuilder->get()
#4 D:\sopi\xampp\htdocs\ci-newss2\system\BaseModel.php(618): CodeIgniter\Model->doFindAll()
#5 D:\sopi\xampp\htdocs\ci-newss2\app\Controllers\NewsAdmin.php(11): CodeIgniter\BaseModel->findAll()
#6 D:\sopi\xampp\htdocs\ci-newss2\system\CodeIgniter.php(934): App\Controllers\NewsAdmin->index()
#7 D:\sopi\xampp\htdocs\ci-newss2\system\CodeIgniter.php(499): CodeIgniter\CodeIgniter->runController()
#8 D:\sopi\xampp\htdocs\ci-newss2\system\CodeIgniter.php(368): CodeIgniter\CodeIgniter->handleRequest()
#9 D:\sopi\xampp\htdocs\ci-newss2\public\index.php(67): CodeIgniter\CodeIgniter->run()
#10 D:\sopi\xampp\htdocs\ci-newss2\system\Commands\Server\rewrite.php(47): require_once('...')
#11 {main}
CRITICAL - 2023-07-11 01:26:27 --> Unable to connect to the database.
Main connection [MySQLi]: No connection could be made because the target machine actively refused it
in SYSTEMPATH\Database\BaseConnection.php on line 427.
 1 SYSTEMPATH\Database\BaseConnection.php(574): CodeIgniter\Database\BaseConnection->initialize()
 2 SYSTEMPATH\Database\BaseBuilder.php(1616): CodeIgniter\Database\BaseConnection->query()
 3 SYSTEMPATH\Model.php(241): CodeIgniter\Database\BaseBuilder->get()
 4 SYSTEMPATH\BaseModel.php(618): CodeIgniter\Model->doFindAll()
 5 APPPATH\Controllers\NewsAdmin.php(11): CodeIgniter\BaseModel->findAll()
 6 SYSTEMPATH\CodeIgniter.php(934): App\Controllers\NewsAdmin->index()
 7 SYSTEMPATH\CodeIgniter.php(499): CodeIgniter\CodeIgniter->runController()
 8 SYSTEMPATH\CodeIgniter.php(368): CodeIgniter\CodeIgniter->handleRequest()
 9 FCPATH\index.php(67): CodeIgniter\CodeIgniter->run()
10 SYSTEMPATH\Commands\Server\rewrite.php(47): require_once('D:\\sopi\\xampp\\htdocs\\ci-newss2\\public\\index.php')
INFO - 2023-07-11 01:31:42 --> Session: Class initialized using 'CodeIgniter\Session\Handlers\FileHandler' driver.
INFO - 2023-07-11 01:31:50 --> Session: Class initialized using 'CodeIgniter\Session\Handlers\FileHandler' driver.
INFO - 2023-07-11 01:31:58 --> Session: Class initialized using 'CodeIgniter\Session\Handlers\FileHandler' driver.
INFO - 2023-07-11 01:31:58 --> Session: Class initialized using 'CodeIgniter\Session\Handlers\FileHandler' driver.
INFO - 2023-07-11 01:32:30 --> Session: Class initialized using 'CodeIgniter\Session\Handlers\FileHandler' driver.
INFO - 2023-07-11 01:32:44 --> Session: Class initialized using 'CodeIgniter\Session\Handlers\FileHandler' driver.
INFO - 2023-07-11 02:56:43 --> Session: Class initialized using 'CodeIgniter\Session\Handlers\FileHandler' driver.
INFO - 2023-07-11 03:01:02 --> Session: Class initialized using 'CodeIgniter\Session\Handlers\FileHandler' driver.
INFO - 2023-07-11 03:01:30 --> Session: Class initialized using 'CodeIgniter\Session\Handlers\FileHandler' driver.
INFO - 2023-07-11 03:09:26 --> Session: Class initialized using 'CodeIgniter\Session\Handlers\FileHandler' driver.
INFO - 2023-07-11 03:41:09 --> Session: Class initialized using 'CodeIgniter\Session\Handlers\FileHandler' driver.
INFO - 2023-07-11 03:42:49 --> Session: Class initialized using 'CodeIgniter\Session\Handlers\FileHandler' driver.
INFO - 2023-07-11 03:56:26 --> Session: Class initialized using 'CodeIgniter\Session\Handlers\FileHandler' driver.
INFO - 2023-07-11 03:58:52 --> Session: Class initialized using 'CodeIgniter\Session\Handlers\FileHandler' driver.
INFO - 2023-07-11 04:11:10 --> Session: Class initialized using 'CodeIgniter\Session\Handlers\FileHandler' driver.
INFO - 2023-07-11 04:18:47 --> Session: Class initialized using 'CodeIgniter\Session\Handlers\FileHandler' driver.
INFO - 2023-07-11 04:18:58 --> Session: Class initialized using 'CodeIgniter\Session\Handlers\FileHandler' driver.
INFO - 2023-07-11 04:20:28 --> Session: Class initialized using 'CodeIgniter\Session\Handlers\FileHandler' driver.
INFO - 2023-07-11 04:20:29 --> Session: Class initialized using 'CodeIgniter\Session\Handlers\FileHandler' driver.
INFO - 2023-07-11 04:22:50 --> Session: Class initialized using 'CodeIgniter\Session\Handlers\FileHandler' driver.
INFO - 2023-07-11 04:22:50 --> Session: Class initialized using 'CodeIgniter\Session\Handlers\FileHandler' driver.
INFO - 2023-07-11 04:32:01 --> Session: Class initialized using 'CodeIgniter\Session\Handlers\FileHandler' driver.
INFO - 2023-07-11 04:33:52 --> Session: Class initialized using 'CodeIgniter\Session\Handlers\FileHandler' driver.
INFO - 2023-07-11 04:33:53 --> Session: Class initialized using 'CodeIgniter\Session\Handlers\FileHandler' driver.
