CRITICAL - 2023-06-08 02:35:03 --> Undefined constant "CodeIgniter\Database\MySQLi\MYSQLI_STORE_RESULT"
in SYSTEMPATH\Database\Database.php on line 139.
 1 SYSTEMPATH\Database\Database.php(56): CodeIgniter\Database\Database->initDriver()
 2 SYSTEMPATH\Database\Config.php(82): CodeIgniter\Database\Database->load()
 3 SYSTEMPATH\Commands\Database\CreateDatabase.php(152): CodeIgniter\Database\Config::connect()
 4 SYSTEMPATH\CLI\Commands.php(65): CodeIgniter\Commands\Database\CreateDatabase->run()
 5 SYSTEMPATH\CLI\Console.php(37): CodeIgniter\CLI\Commands->run()
 6 ROOTPATH\spark(97): CodeIgniter\CLI\Console->run()
CRITICAL - 2023-06-08 02:35:29 --> Undefined constant "CodeIgniter\Database\MySQLi\MYSQLI_STORE_RESULT"
in SYSTEMPATH\Database\Database.php on line 139.
 1 SYSTEMPATH\Database\Database.php(56): CodeIgniter\Database\Database->initDriver()
 2 SYSTEMPATH\Database\Config.php(82): CodeIgniter\Database\Database->load()
 3 SYSTEMPATH\Commands\Database\CreateDatabase.php(152): CodeIgniter\Database\Config::connect()
 4 SYSTEMPATH\CLI\Commands.php(65): CodeIgniter\Commands\Database\CreateDatabase->run()
 5 SYSTEMPATH\CLI\Console.php(37): CodeIgniter\CLI\Commands->run()
 6 ROOTPATH\spark(97): CodeIgniter\CLI\Console->run()
ERROR - 2023-06-08 02:44:57 --> Error connecting to the database: mysqli_sql_exception: Unknown database 'ci-newss' in D:\sopi\xampp\htdocs\ci-newss\system\Database\MySQLi\Connection.php:173
Stack trace:
#0 D:\sopi\xampp\htdocs\ci-newss\system\Database\MySQLi\Connection.php(173): mysqli->real_connect()
#1 D:\sopi\xampp\htdocs\ci-newss\system\Database\BaseConnection.php(391): CodeIgniter\Database\MySQLi\Connection->connect()
#2 D:\sopi\xampp\htdocs\ci-newss\system\Database\BaseConnection.php(574): CodeIgniter\Database\BaseConnection->initialize()
#3 D:\sopi\xampp\htdocs\ci-newss\system\Database\BaseConnection.php(1409): CodeIgniter\Database\BaseConnection->query()
#4 D:\sopi\xampp\htdocs\ci-newss\system\Database\BaseConnection.php(1428): CodeIgniter\Database\BaseConnection->listTables()
#5 D:\sopi\xampp\htdocs\ci-newss\system\Database\MigrationRunner.php(768): CodeIgniter\Database\BaseConnection->tableExists()
#6 D:\sopi\xampp\htdocs\ci-newss\system\Database\MigrationRunner.php(168): CodeIgniter\Database\MigrationRunner->ensureTable()
#7 D:\sopi\xampp\htdocs\ci-newss\system\Commands\Database\Migrate.php(84): CodeIgniter\Database\MigrationRunner->latest()
#8 D:\sopi\xampp\htdocs\ci-newss\system\CLI\Commands.php(65): CodeIgniter\Commands\Database\Migrate->run()
#9 D:\sopi\xampp\htdocs\ci-newss\system\CLI\Console.php(37): CodeIgniter\CLI\Commands->run()
#10 D:\sopi\xampp\htdocs\ci-newss\spark(97): CodeIgniter\CLI\Console->run()
#11 {main}

Next CodeIgniter\Database\Exceptions\DatabaseException: Unknown database 'ci-newss' in D:\sopi\xampp\htdocs\ci-newss\system\Database\MySQLi\Connection.php:218
Stack trace:
#0 D:\sopi\xampp\htdocs\ci-newss\system\Database\BaseConnection.php(391): CodeIgniter\Database\MySQLi\Connection->connect()
#1 D:\sopi\xampp\htdocs\ci-newss\system\Database\BaseConnection.php(574): CodeIgniter\Database\BaseConnection->initialize()
#2 D:\sopi\xampp\htdocs\ci-newss\system\Database\BaseConnection.php(1409): CodeIgniter\Database\BaseConnection->query()
#3 D:\sopi\xampp\htdocs\ci-newss\system\Database\BaseConnection.php(1428): CodeIgniter\Database\BaseConnection->listTables()
#4 D:\sopi\xampp\htdocs\ci-newss\system\Database\MigrationRunner.php(768): CodeIgniter\Database\BaseConnection->tableExists()
#5 D:\sopi\xampp\htdocs\ci-newss\system\Database\MigrationRunner.php(168): CodeIgniter\Database\MigrationRunner->ensureTable()
#6 D:\sopi\xampp\htdocs\ci-newss\system\Commands\Database\Migrate.php(84): CodeIgniter\Database\MigrationRunner->latest()
#7 D:\sopi\xampp\htdocs\ci-newss\system\CLI\Commands.php(65): CodeIgniter\Commands\Database\Migrate->run()
#8 D:\sopi\xampp\htdocs\ci-newss\system\CLI\Console.php(37): CodeIgniter\CLI\Commands->run()
#9 D:\sopi\xampp\htdocs\ci-newss\spark(97): CodeIgniter\CLI\Console->run()
#10 {main}
